The system is: Linux - 3.19.0-58-generic - x86_64
Compiling the C compiler identification source file "CMakeCCompilerId.c" succeeded.
Compiler: /usr/bin/cc 
Build flags: 
Id flags: 

The output was:
0


Compilation of the C compiler identification source "CMakeCCompilerId.c" produced "a.out"

The C compiler identification is GNU, found in "/usr/local/src/gist/gromacs-4.5.3_gist/build/CMakeFiles/2.8.12.2/CompilerIdC/a.out"

Compiling the CXX compiler identification source file "CMakeCXXCompilerId.cpp" succeeded.
Compiler: /usr/bin/c++ 
Build flags: 
Id flags: 

The output was:
0


Compilation of the CXX compiler identification source "CMakeCXXCompilerId.cpp" produced "a.out"

The CXX compiler identification is GNU, found in "/usr/local/src/gist/gromacs-4.5.3_gist/build/CMakeFiles/2.8.12.2/CompilerIdCXX/a.out"

Determining if the C compiler works passed with the following output:
Change Dir: /usr/local/src/gist/gromacs-4.5.3_gist/build/CMakeFiles/CMakeTmp

Run Build Command:/usr/bin/make "cmTryCompileExec2404160099/fast"
/usr/bin/make -f CMakeFiles/cmTryCompileExec2404160099.dir/build.make CMakeFiles/cmTryCompileExec2404160099.dir/build
make[1]: Entering directory `/usr/local/src/gist/gromacs-4.5.3_gist/build/CMakeFiles/CMakeTmp'
/usr/bin/cmake -E cmake_progress_report /usr/local/src/gist/gromacs-4.5.3_gist/build/CMakeFiles/CMakeTmp/CMakeFiles 1
Building C object CMakeFiles/cmTryCompileExec2404160099.dir/testCCompiler.c.o
/usr/bin/cc    -o CMakeFiles/cmTryCompileExec2404160099.dir/testCCompiler.c.o   -c /usr/local/src/gist/gromacs-4.5.3_gist/build/CMakeFiles/CMakeTmp/testCCompiler.c
Linking C executable cmTryCompileExec2404160099
/usr/bin/cmake -E cmake_link_script CMakeFiles/cmTryCompileExec2404160099.dir/link.txt --verbose=1
/usr/bin/cc       CMakeFiles/cmTryCompileExec2404160099.dir/testCCompiler.c.o  -o cmTryCompileExec2404160099 -rdynamic 
make[1]: Leaving directory `/usr/local/src/gist/gromacs-4.5.3_gist/build/CMakeFiles/CMakeTmp'


Detecting C compiler ABI info compiled with the following output:
Change Dir: /usr/local/src/gist/gromacs-4.5.3_gist/build/CMakeFiles/CMakeTmp

Run Build Command:/usr/bin/make "cmTryCompileExec2935922518/fast"
/usr/bin/make -f CMakeFiles/cmTryCompileExec2935922518.dir/build.make CMakeFiles/cmTryCompileExec2935922518.dir/build
make[1]: Entering directory `/usr/local/src/gist/gromacs-4.5.3_gist/build/CMakeFiles/CMakeTmp'
/usr/bin/cmake -E cmake_progress_report /usr/local/src/gist/gromacs-4.5.3_gist/build/CMakeFiles/CMakeTmp/CMakeFiles 1
Building C object CMakeFiles/cmTryCompileExec2935922518.dir/CMakeCCompilerABI.c.o
/usr/bin/cc    -o CMakeFiles/cmTryCompileExec2935922518.dir/CMakeCCompilerABI.c.o   -c /usr/share/cmake-2.8/Modules/CMakeCCompilerABI.c
Linking C executable cmTryCompileExec2935922518
/usr/bin/cmake -E cmake_link_script CMakeFiles/cmTryCompileExec2935922518.dir/link.txt --verbose=1
/usr/bin/cc     -v CMakeFiles/cmTryCompileExec2935922518.dir/CMakeCCompilerABI.c.o  -o cmTryCompileExec2935922518 -rdynamic  
Using built-in specs.
COLLECT_GCC=/usr/bin/cc
COLLECT_LTO_WRAPPER=/usr/lib/gcc/x86_64-linux-gnu/4.8/lto-wrapper
Target: x86_64-linux-gnu
Configured with: ../src/configure -v --with-pkgversion='Ubuntu 4.8.4-2ubuntu1~14.04.3' --with-bugurl=file:///usr/share/doc/gcc-4.8/README.Bugs --enable-languages=c,c++,java,go,d,fortran,objc,obj-c++ --prefix=/usr --program-suffix=-4.8 --enable-shared --enable-linker-build-id --libexecdir=/usr/lib --without-included-gettext --enable-threads=posix --with-gxx-include-dir=/usr/include/c++/4.8 --libdir=/usr/lib --enable-nls --with-sysroot=/ --enable-clocale=gnu --enable-libstdcxx-debug --enable-libstdcxx-time=yes --enable-gnu-unique-object --disable-libmudflap --enable-plugin --with-system-zlib --disable-browser-plugin --enable-java-awt=gtk --enable-gtk-cairo --with-java-home=/usr/lib/jvm/java-1.5.0-gcj-4.8-amd64/jre --enable-java-home --with-jvm-root-dir=/usr/lib/jvm/java-1.5.0-gcj-4.8-amd64 --with-jvm-jar-dir=/usr/lib/jvm-exports/java-1.5.0-gcj-4.8-amd64 --with-arch-directory=amd64 --with-ecj-jar=/usr/share/java/eclipse-ecj.jar --enable-objc-gc --enable-multiarch --disable-werror --with-arch-32=i686 --with-abi=m64 --with-multilib-list=m32,m64,mx32 --with-tune=generic --enable-checking=release --build=x86_64-linux-gnu --host=x86_64-linux-gnu --target=x86_64-linux-gnu
Thread model: posix
gcc version 4.8.4 (Ubuntu 4.8.4-2ubuntu1~14.04.3) 
COMPILER_PATH=/usr/lib/gcc/x86_64-linux-gnu/4.8/:/usr/lib/gcc/x86_64-linux-gnu/4.8/:/usr/lib/gcc/x86_64-linux-gnu/:/usr/lib/gcc/x86_64-linux-gnu/4.8/:/usr/lib/gcc/x86_64-linux-gnu/
LIBRARY_PATH=/usr/lib/gcc/x86_64-linux-gnu/4.8/:/usr/lib/gcc/x86_64-linux-gnu/4.8/../../../x86_64-linux-gnu/:/usr/lib/gcc/x86_64-linux-gnu/4.8/../../../../lib/:/lib/x86_64-linux-gnu/:/lib/../lib/:/usr/lib/x86_64-linux-gnu/:/usr/lib/../lib/:/usr/lib/gcc/x86_64-linux-gnu/4.8/../../../:/lib/:/usr/lib/
COLLECT_GCC_OPTIONS='-v' '-o' 'cmTryCompileExec2935922518' '-rdynamic' '-mtune=generic' '-march=x86-64'
 /usr/lib/gcc/x86_64-linux-gnu/4.8/collect2 --sysroot=/ --build-id --eh-frame-hdr -m elf_x86_64 --hash-style=gnu --as-needed -export-dynamic -dynamic-linker /lib64/ld-linux-x86-64.so.2 -z relro -o cmTryCompileExec2935922518 /usr/lib/gcc/x86_64-linux-gnu/4.8/../../../x86_64-linux-gnu/crt1.o /usr/lib/gcc/x86_64-linux-gnu/4.8/../../../x86_64-linux-gnu/crti.o /usr/lib/gcc/x86_64-linux-gnu/4.8/crtbegin.o -L/usr/lib/gcc/x86_64-linux-gnu/4.8 -L/usr/lib/gcc/x86_64-linux-gnu/4.8/../../../x86_64-linux-gnu -L/usr/lib/gcc/x86_64-linux-gnu/4.8/../../../../lib -L/lib/x86_64-linux-gnu -L/lib/../lib -L/usr/lib/x86_64-linux-gnu -L/usr/lib/../lib -L/usr/lib/gcc/x86_64-linux-gnu/4.8/../../.. CMakeFiles/cmTryCompileExec2935922518.dir/CMakeCCompilerABI.c.o -lgcc --as-needed -lgcc_s --no-as-needed -lc -lgcc --as-needed -lgcc_s --no-as-needed /usr/lib/gcc/x86_64-linux-gnu/4.8/crtend.o /usr/lib/gcc/x86_64-linux-gnu/4.8/../../../x86_64-linux-gnu/crtn.o
make[1]: Leaving directory `/usr/local/src/gist/gromacs-4.5.3_gist/build/CMakeFiles/CMakeTmp'


Parsed C implicit link information from above output:
  link line regex: [^( *|.*[/\])(ld|([^/\]+-)?ld|collect2)[^/\]*( |$)]
  ignore line: [Change Dir: /usr/local/src/gist/gromacs-4.5.3_gist/build/CMakeFiles/CMakeTmp]
  ignore line: []
  ignore line: [Run Build Command:/usr/bin/make "cmTryCompileExec2935922518/fast"]
  ignore line: [/usr/bin/make -f CMakeFiles/cmTryCompileExec2935922518.dir/build.make CMakeFiles/cmTryCompileExec2935922518.dir/build]
  ignore line: [make[1]: Entering directory `/usr/local/src/gist/gromacs-4.5.3_gist/build/CMakeFiles/CMakeTmp']
  ignore line: [/usr/bin/cmake -E cmake_progress_report /usr/local/src/gist/gromacs-4.5.3_gist/build/CMakeFiles/CMakeTmp/CMakeFiles 1]
  ignore line: [Building C object CMakeFiles/cmTryCompileExec2935922518.dir/CMakeCCompilerABI.c.o]
  ignore line: [/usr/bin/cc    -o CMakeFiles/cmTryCompileExec2935922518.dir/CMakeCCompilerABI.c.o   -c /usr/share/cmake-2.8/Modules/CMakeCCompilerABI.c]
  ignore line: [Linking C executable cmTryCompileExec2935922518]
  ignore line: [/usr/bin/cmake -E cmake_link_script CMakeFiles/cmTryCompileExec2935922518.dir/link.txt --verbose=1]
  ignore line: [/usr/bin/cc     -v CMakeFiles/cmTryCompileExec2935922518.dir/CMakeCCompilerABI.c.o  -o cmTryCompileExec2935922518 -rdynamic  ]
  ignore line: [Using built-in specs.]
  ignore line: [COLLECT_GCC=/usr/bin/cc]
  ignore line: [COLLECT_LTO_WRAPPER=/usr/lib/gcc/x86_64-linux-gnu/4.8/lto-wrapper]
  ignore line: [Target: x86_64-linux-gnu]
  ignore line: [Configured with: ../src/configure -v --with-pkgversion='Ubuntu 4.8.4-2ubuntu1~14.04.3' --with-bugurl=file:///usr/share/doc/gcc-4.8/README.Bugs --enable-languages=c,c++,java,go,d,fortran,objc,obj-c++ --prefix=/usr --program-suffix=-4.8 --enable-shared --enable-linker-build-id --libexecdir=/usr/lib --without-included-gettext --enable-threads=posix --with-gxx-include-dir=/usr/include/c++/4.8 --libdir=/usr/lib --enable-nls --with-sysroot=/ --enable-clocale=gnu --enable-libstdcxx-debug --enable-libstdcxx-time=yes --enable-gnu-unique-object --disable-libmudflap --enable-plugin --with-system-zlib --disable-browser-plugin --enable-java-awt=gtk --enable-gtk-cairo --with-java-home=/usr/lib/jvm/java-1.5.0-gcj-4.8-amd64/jre --enable-java-home --with-jvm-root-dir=/usr/lib/jvm/java-1.5.0-gcj-4.8-amd64 --with-jvm-jar-dir=/usr/lib/jvm-exports/java-1.5.0-gcj-4.8-amd64 --with-arch-directory=amd64 --with-ecj-jar=/usr/share/java/eclipse-ecj.jar --enable-objc-gc --enable-multiarch --disable-werror --with-arch-32=i686 --with-abi=m64 --with-multilib-list=m32,m64,mx32 --with-tune=generic --enable-checking=release --build=x86_64-linux-gnu --host=x86_64-linux-gnu --target=x86_64-linux-gnu]
  ignore line: [Thread model: posix]
  ignore line: [gcc version 4.8.4 (Ubuntu 4.8.4-2ubuntu1~14.04.3) ]
  ignore line: [COMPILER_PATH=/usr/lib/gcc/x86_64-linux-gnu/4.8/:/usr/lib/gcc/x86_64-linux-gnu/4.8/:/usr/lib/gcc/x86_64-linux-gnu/:/usr/lib/gcc/x86_64-linux-gnu/4.8/:/usr/lib/gcc/x86_64-linux-gnu/]
  ignore line: [LIBRARY_PATH=/usr/lib/gcc/x86_64-linux-gnu/4.8/:/usr/lib/gcc/x86_64-linux-gnu/4.8/../../../x86_64-linux-gnu/:/usr/lib/gcc/x86_64-linux-gnu/4.8/../../../../lib/:/lib/x86_64-linux-gnu/:/lib/../lib/:/usr/lib/x86_64-linux-gnu/:/usr/lib/../lib/:/usr/lib/gcc/x86_64-linux-gnu/4.8/../../../:/lib/:/usr/lib/]
  ignore line: [COLLECT_GCC_OPTIONS='-v' '-o' 'cmTryCompileExec2935922518' '-rdynamic' '-mtune=generic' '-march=x86-64']
  link line: [ /usr/lib/gcc/x86_64-linux-gnu/4.8/collect2 --sysroot=/ --build-id --eh-frame-hdr -m elf_x86_64 --hash-style=gnu --as-needed -export-dynamic -dynamic-linker /lib64/ld-linux-x86-64.so.2 -z relro -o cmTryCompileExec2935922518 /usr/lib/gcc/x86_64-linux-gnu/4.8/../../../x86_64-linux-gnu/crt1.o /usr/lib/gcc/x86_64-linux-gnu/4.8/../../../x86_64-linux-gnu/crti.o /usr/lib/gcc/x86_64-linux-gnu/4.8/crtbegin.o -L/usr/lib/gcc/x86_64-linux-gnu/4.8 -L/usr/lib/gcc/x86_64-linux-gnu/4.8/../../../x86_64-linux-gnu -L/usr/lib/gcc/x86_64-linux-gnu/4.8/../../../../lib -L/lib/x86_64-linux-gnu -L/lib/../lib -L/usr/lib/x86_64-linux-gnu -L/usr/lib/../lib -L/usr/lib/gcc/x86_64-linux-gnu/4.8/../../.. CMakeFiles/cmTryCompileExec2935922518.dir/CMakeCCompilerABI.c.o -lgcc --as-needed -lgcc_s --no-as-needed -lc -lgcc --as-needed -lgcc_s --no-as-needed /usr/lib/gcc/x86_64-linux-gnu/4.8/crtend.o /usr/lib/gcc/x86_64-linux-gnu/4.8/../../../x86_64-linux-gnu/crtn.o]
    arg [/usr/lib/gcc/x86_64-linux-gnu/4.8/collect2] ==> ignore
    arg [--sysroot=/] ==> ignore
    arg [--build-id] ==> ignore
    arg [--eh-frame-hdr] ==> ignore
    arg [-m] ==> ignore
    arg [elf_x86_64] ==> ignore
    arg [--hash-style=gnu] ==> ignore
    arg [--as-needed] ==> ignore
    arg [-export-dynamic] ==> ignore
    arg [-dynamic-linker] ==> ignore
    arg [/lib64/ld-linux-x86-64.so.2] ==> ignore
    arg [-zrelro] ==> ignore
    arg [-o] ==> ignore
    arg [cmTryCompileExec2935922518] ==> ignore
    arg [/usr/lib/gcc/x86_64-linux-gnu/4.8/../../../x86_64-linux-gnu/crt1.o] ==> ignore
    arg [/usr/lib/gcc/x86_64-linux-gnu/4.8/../../../x86_64-linux-gnu/crti.o] ==> ignore
    arg [/usr/lib/gcc/x86_64-linux-gnu/4.8/crtbegin.o] ==> ignore
    arg [-L/usr/lib/gcc/x86_64-linux-gnu/4.8] ==> dir [/usr/lib/gcc/x86_64-linux-gnu/4.8]
    arg [-L/usr/lib/gcc/x86_64-linux-gnu/4.8/../../../x86_64-linux-gnu] ==> dir [/usr/lib/gcc/x86_64-linux-gnu/4.8/../../../x86_64-linux-gnu]
    arg [-L/usr/lib/gcc/x86_64-linux-gnu/4.8/../../../../lib] ==> dir [/usr/lib/gcc/x86_64-linux-gnu/4.8/../../../../lib]
    arg [-L/lib/x86_64-linux-gnu] ==> dir [/lib/x86_64-linux-gnu]
    arg [-L/lib/../lib] ==> dir [/lib/../lib]
    arg [-L/usr/lib/x86_64-linux-gnu] ==> dir [/usr/lib/x86_64-linux-gnu]
    arg [-L/usr/lib/../lib] ==> dir [/usr/lib/../lib]
    arg [-L/usr/lib/gcc/x86_64-linux-gnu/4.8/../../..] ==> dir [/usr/lib/gcc/x86_64-linux-gnu/4.8/../../..]
    arg [CMakeFiles/cmTryCompileExec2935922518.dir/CMakeCCompilerABI.c.o] ==> ignore
    arg [-lgcc] ==> lib [gcc]
    arg [--as-needed] ==> ignore
    arg [-lgcc_s] ==> lib [gcc_s]
    arg [--no-as-needed] ==> ignore
    arg [-lc] ==> lib [c]
    arg [-lgcc] ==> lib [gcc]
    arg [--as-needed] ==> ignore
    arg [-lgcc_s] ==> lib [gcc_s]
    arg [--no-as-needed] ==> ignore
    arg [/usr/lib/gcc/x86_64-linux-gnu/4.8/crtend.o] ==> ignore
    arg [/usr/lib/gcc/x86_64-linux-gnu/4.8/../../../x86_64-linux-gnu/crtn.o] ==> ignore
  remove lib [gcc]
  remove lib [gcc_s]
  remove lib [gcc]
  remove lib [gcc_s]
  collapse library dir [/usr/lib/gcc/x86_64-linux-gnu/4.8] ==> [/usr/lib/gcc/x86_64-linux-gnu/4.8]
  collapse library dir [/usr/lib/gcc/x86_64-linux-gnu/4.8/../../../x86_64-linux-gnu] ==> [/usr/lib/x86_64-linux-gnu]
  collapse library dir [/usr/lib/gcc/x86_64-linux-gnu/4.8/../../../../lib] ==> [/usr/lib]
  collapse library dir [/lib/x86_64-linux-gnu] ==> [/lib/x86_64-linux-gnu]
  collapse library dir [/lib/../lib] ==> [/lib]
  collapse library dir [/usr/lib/x86_64-linux-gnu] ==> [/usr/lib/x86_64-linux-gnu]
  collapse library dir [/usr/lib/../lib] ==> [/usr/lib]
  collapse library dir [/usr/lib/gcc/x86_64-linux-gnu/4.8/../../..] ==> [/usr/lib]
  implicit libs: [c]
  implicit dirs: [/usr/lib/gcc/x86_64-linux-gnu/4.8;/usr/lib/x86_64-linux-gnu;/usr/lib;/lib/x86_64-linux-gnu;/lib]
  implicit fwks: []


Determining if the CXX compiler works passed with the following output:
Change Dir: /usr/local/src/gist/gromacs-4.5.3_gist/build/CMakeFiles/CMakeTmp

Run Build Command:/usr/bin/make "cmTryCompileExec274556595/fast"
/usr/bin/make -f CMakeFiles/cmTryCompileExec274556595.dir/build.make CMakeFiles/cmTryCompileExec274556595.dir/build
make[1]: Entering directory `/usr/local/src/gist/gromacs-4.5.3_gist/build/CMakeFiles/CMakeTmp'
/usr/bin/cmake -E cmake_progress_report /usr/local/src/gist/gromacs-4.5.3_gist/build/CMakeFiles/CMakeTmp/CMakeFiles 1
Building CXX object CMakeFiles/cmTryCompileExec274556595.dir/testCXXCompiler.cxx.o
/usr/bin/c++     -o CMakeFiles/cmTryCompileExec274556595.dir/testCXXCompiler.cxx.o -c /usr/local/src/gist/gromacs-4.5.3_gist/build/CMakeFiles/CMakeTmp/testCXXCompiler.cxx
Linking CXX executable cmTryCompileExec274556595
/usr/bin/cmake -E cmake_link_script CMakeFiles/cmTryCompileExec274556595.dir/link.txt --verbose=1
/usr/bin/c++        CMakeFiles/cmTryCompileExec274556595.dir/testCXXCompiler.cxx.o  -o cmTryCompileExec274556595 -rdynamic 
make[1]: Leaving directory `/usr/local/src/gist/gromacs-4.5.3_gist/build/CMakeFiles/CMakeTmp'


Detecting CXX compiler ABI info compiled with the following output:
Change Dir: /usr/local/src/gist/gromacs-4.5.3_gist/build/CMakeFiles/CMakeTmp

Run Build Command:/usr/bin/make "cmTryCompileExec3061805109/fast"
/usr/bin/make -f CMakeFiles/cmTryCompileExec3061805109.dir/build.make CMakeFiles/cmTryCompileExec3061805109.dir/build
make[1]: Entering directory `/usr/local/src/gist/gromacs-4.5.3_gist/build/CMakeFiles/CMakeTmp'
/usr/bin/cmake -E cmake_progress_report /usr/local/src/gist/gromacs-4.5.3_gist/build/CMakeFiles/CMakeTmp/CMakeFiles 1
Building CXX object CMakeFiles/cmTryCompileExec3061805109.dir/CMakeCXXCompilerABI.cpp.o
/usr/bin/c++     -o CMakeFiles/cmTryCompileExec3061805109.dir/CMakeCXXCompilerABI.cpp.o -c /usr/share/cmake-2.8/Modules/CMakeCXXCompilerABI.cpp
Linking CXX executable cmTryCompileExec3061805109
/usr/bin/cmake -E cmake_link_script CMakeFiles/cmTryCompileExec3061805109.dir/link.txt --verbose=1
/usr/bin/c++      -v CMakeFiles/cmTryCompileExec3061805109.dir/CMakeCXXCompilerABI.cpp.o  -o cmTryCompileExec3061805109 -rdynamic  
Using built-in specs.
COLLECT_GCC=/usr/bin/c++
COLLECT_LTO_WRAPPER=/usr/lib/gcc/x86_64-linux-gnu/4.8/lto-wrapper
Target: x86_64-linux-gnu
Configured with: ../src/configure -v --with-pkgversion='Ubuntu 4.8.4-2ubuntu1~14.04.3' --with-bugurl=file:///usr/share/doc/gcc-4.8/README.Bugs --enable-languages=c,c++,java,go,d,fortran,objc,obj-c++ --prefix=/usr --program-suffix=-4.8 --enable-shared --enable-linker-build-id --libexecdir=/usr/lib --without-included-gettext --enable-threads=posix --with-gxx-include-dir=/usr/include/c++/4.8 --libdir=/usr/lib --enable-nls --with-sysroot=/ --enable-clocale=gnu --enable-libstdcxx-debug --enable-libstdcxx-time=yes --enable-gnu-unique-object --disable-libmudflap --enable-plugin --with-system-zlib --disable-browser-plugin --enable-java-awt=gtk --enable-gtk-cairo --with-java-home=/usr/lib/jvm/java-1.5.0-gcj-4.8-amd64/jre --enable-java-home --with-jvm-root-dir=/usr/lib/jvm/java-1.5.0-gcj-4.8-amd64 --with-jvm-jar-dir=/usr/lib/jvm-exports/java-1.5.0-gcj-4.8-amd64 --with-arch-directory=amd64 --with-ecj-jar=/usr/share/java/eclipse-ecj.jar --enable-objc-gc --enable-multiarch --disable-werror --with-arch-32=i686 --with-abi=m64 --with-multilib-list=m32,m64,mx32 --with-tune=generic --enable-checking=release --build=x86_64-linux-gnu --host=x86_64-linux-gnu --target=x86_64-linux-gnu
Thread model: posix
gcc version 4.8.4 (Ubuntu 4.8.4-2ubuntu1~14.04.3) 
COMPILER_PATH=/usr/lib/gcc/x86_64-linux-gnu/4.8/:/usr/lib/gcc/x86_64-linux-gnu/4.8/:/usr/lib/gcc/x86_64-linux-gnu/:/usr/lib/gcc/x86_64-linux-gnu/4.8/:/usr/lib/gcc/x86_64-linux-gnu/
LIBRARY_PATH=/usr/lib/gcc/x86_64-linux-gnu/4.8/:/usr/lib/gcc/x86_64-linux-gnu/4.8/../../../x86_64-linux-gnu/:/usr/lib/gcc/x86_64-linux-gnu/4.8/../../../../lib/:/lib/x86_64-linux-gnu/:/lib/../lib/:/usr/lib/x86_64-linux-gnu/:/usr/lib/../lib/:/usr/lib/gcc/x86_64-linux-gnu/4.8/../../../:/lib/:/usr/lib/
COLLECT_GCC_OPTIONS='-v' '-o' 'cmTryCompileExec3061805109' '-rdynamic' '-shared-libgcc' '-mtune=generic' '-march=x86-64'
 /usr/lib/gcc/x86_64-linux-gnu/4.8/collect2 --sysroot=/ --build-id --eh-frame-hdr -m elf_x86_64 --hash-style=gnu --as-needed -export-dynamic -dynamic-linker /lib64/ld-linux-x86-64.so.2 -z relro -o cmTryCompileExec3061805109 /usr/lib/gcc/x86_64-linux-gnu/4.8/../../../x86_64-linux-gnu/crt1.o /usr/lib/gcc/x86_64-linux-gnu/4.8/../../../x86_64-linux-gnu/crti.o /usr/lib/gcc/x86_64-linux-gnu/4.8/crtbegin.o -L/usr/lib/gcc/x86_64-linux-gnu/4.8 -L/usr/lib/gcc/x86_64-linux-gnu/4.8/../../../x86_64-linux-gnu -L/usr/lib/gcc/x86_64-linux-gnu/4.8/../../../../lib -L/lib/x86_64-linux-gnu -L/lib/../lib -L/usr/lib/x86_64-linux-gnu -L/usr/lib/../lib -L/usr/lib/gcc/x86_64-linux-gnu/4.8/../../.. CMakeFiles/cmTryCompileExec3061805109.dir/CMakeCXXCompilerABI.cpp.o -lstdc++ -lm -lgcc_s -lgcc -lc -lgcc_s -lgcc /usr/lib/gcc/x86_64-linux-gnu/4.8/crtend.o /usr/lib/gcc/x86_64-linux-gnu/4.8/../../../x86_64-linux-gnu/crtn.o
make[1]: Leaving directory `/usr/local/src/gist/gromacs-4.5.3_gist/build/CMakeFiles/CMakeTmp'


Parsed CXX implicit link information from above output:
  link line regex: [^( *|.*[/\])(ld|([^/\]+-)?ld|collect2)[^/\]*( |$)]
  ignore line: [Change Dir: /usr/local/src/gist/gromacs-4.5.3_gist/build/CMakeFiles/CMakeTmp]
  ignore line: []
  ignore line: [Run Build Command:/usr/bin/make "cmTryCompileExec3061805109/fast"]
  ignore line: [/usr/bin/make -f CMakeFiles/cmTryCompileExec3061805109.dir/build.make CMakeFiles/cmTryCompileExec3061805109.dir/build]
  ignore line: [make[1]: Entering directory `/usr/local/src/gist/gromacs-4.5.3_gist/build/CMakeFiles/CMakeTmp']
  ignore line: [/usr/bin/cmake -E cmake_progress_report /usr/local/src/gist/gromacs-4.5.3_gist/build/CMakeFiles/CMakeTmp/CMakeFiles 1]
  ignore line: [Building CXX object CMakeFiles/cmTryCompileExec3061805109.dir/CMakeCXXCompilerABI.cpp.o]
  ignore line: [/usr/bin/c++     -o CMakeFiles/cmTryCompileExec3061805109.dir/CMakeCXXCompilerABI.cpp.o -c /usr/share/cmake-2.8/Modules/CMakeCXXCompilerABI.cpp]
  ignore line: [Linking CXX executable cmTryCompileExec3061805109]
  ignore line: [/usr/bin/cmake -E cmake_link_script CMakeFiles/cmTryCompileExec3061805109.dir/link.txt --verbose=1]
  ignore line: [/usr/bin/c++      -v CMakeFiles/cmTryCompileExec3061805109.dir/CMakeCXXCompilerABI.cpp.o  -o cmTryCompileExec3061805109 -rdynamic  ]
  ignore line: [Using built-in specs.]
  ignore line: [COLLECT_GCC=/usr/bin/c++]
  ignore line: [COLLECT_LTO_WRAPPER=/usr/lib/gcc/x86_64-linux-gnu/4.8/lto-wrapper]
  ignore line: [Target: x86_64-linux-gnu]
  ignore line: [Configured with: ../src/configure -v --with-pkgversion='Ubuntu 4.8.4-2ubuntu1~14.04.3' --with-bugurl=file:///usr/share/doc/gcc-4.8/README.Bugs --enable-languages=c,c++,java,go,d,fortran,objc,obj-c++ --prefix=/usr --program-suffix=-4.8 --enable-shared --enable-linker-build-id --libexecdir=/usr/lib --without-included-gettext --enable-threads=posix --with-gxx-include-dir=/usr/include/c++/4.8 --libdir=/usr/lib --enable-nls --with-sysroot=/ --enable-clocale=gnu --enable-libstdcxx-debug --enable-libstdcxx-time=yes --enable-gnu-unique-object --disable-libmudflap --enable-plugin --with-system-zlib --disable-browser-plugin --enable-java-awt=gtk --enable-gtk-cairo --with-java-home=/usr/lib/jvm/java-1.5.0-gcj-4.8-amd64/jre --enable-java-home --with-jvm-root-dir=/usr/lib/jvm/java-1.5.0-gcj-4.8-amd64 --with-jvm-jar-dir=/usr/lib/jvm-exports/java-1.5.0-gcj-4.8-amd64 --with-arch-directory=amd64 --with-ecj-jar=/usr/share/java/eclipse-ecj.jar --enable-objc-gc --enable-multiarch --disable-werror --with-arch-32=i686 --with-abi=m64 --with-multilib-list=m32,m64,mx32 --with-tune=generic --enable-checking=release --build=x86_64-linux-gnu --host=x86_64-linux-gnu --target=x86_64-linux-gnu]
  ignore line: [Thread model: posix]
  ignore line: [gcc version 4.8.4 (Ubuntu 4.8.4-2ubuntu1~14.04.3) ]
  ignore line: [COMPILER_PATH=/usr/lib/gcc/x86_64-linux-gnu/4.8/:/usr/lib/gcc/x86_64-linux-gnu/4.8/:/usr/lib/gcc/x86_64-linux-gnu/:/usr/lib/gcc/x86_64-linux-gnu/4.8/:/usr/lib/gcc/x86_64-linux-gnu/]
  ignore line: [LIBRARY_PATH=/usr/lib/gcc/x86_64-linux-gnu/4.8/:/usr/lib/gcc/x86_64-linux-gnu/4.8/../../../x86_64-linux-gnu/:/usr/lib/gcc/x86_64-linux-gnu/4.8/../../../../lib/:/lib/x86_64-linux-gnu/:/lib/../lib/:/usr/lib/x86_64-linux-gnu/:/usr/lib/../lib/:/usr/lib/gcc/x86_64-linux-gnu/4.8/../../../:/lib/:/usr/lib/]
  ignore line: [COLLECT_GCC_OPTIONS='-v' '-o' 'cmTryCompileExec3061805109' '-rdynamic' '-shared-libgcc' '-mtune=generic' '-march=x86-64']
  link line: [ /usr/lib/gcc/x86_64-linux-gnu/4.8/collect2 --sysroot=/ --build-id --eh-frame-hdr -m elf_x86_64 --hash-style=gnu --as-needed -export-dynamic -dynamic-linker /lib64/ld-linux-x86-64.so.2 -z relro -o cmTryCompileExec3061805109 /usr/lib/gcc/x86_64-linux-gnu/4.8/../../../x86_64-linux-gnu/crt1.o /usr/lib/gcc/x86_64-linux-gnu/4.8/../../../x86_64-linux-gnu/crti.o /usr/lib/gcc/x86_64-linux-gnu/4.8/crtbegin.o -L/usr/lib/gcc/x86_64-linux-gnu/4.8 -L/usr/lib/gcc/x86_64-linux-gnu/4.8/../../../x86_64-linux-gnu -L/usr/lib/gcc/x86_64-linux-gnu/4.8/../../../../lib -L/lib/x86_64-linux-gnu -L/lib/../lib -L/usr/lib/x86_64-linux-gnu -L/usr/lib/../lib -L/usr/lib/gcc/x86_64-linux-gnu/4.8/../../.. CMakeFiles/cmTryCompileExec3061805109.dir/CMakeCXXCompilerABI.cpp.o -lstdc++ -lm -lgcc_s -lgcc -lc -lgcc_s -lgcc /usr/lib/gcc/x86_64-linux-gnu/4.8/crtend.o /usr/lib/gcc/x86_64-linux-gnu/4.8/../../../x86_64-linux-gnu/crtn.o]
    arg [/usr/lib/gcc/x86_64-linux-gnu/4.8/collect2] ==> ignore
    arg [--sysroot=/] ==> ignore
    arg [--build-id] ==> ignore
    arg [--eh-frame-hdr] ==> ignore
    arg [-m] ==> ignore
    arg [elf_x86_64] ==> ignore
    arg [--hash-style=gnu] ==> ignore
    arg [--as-needed] ==> ignore
    arg [-export-dynamic] ==> ignore
    arg [-dynamic-linker] ==> ignore
    arg [/lib64/ld-linux-x86-64.so.2] ==> ignore
    arg [-zrelro] ==> ignore
    arg [-o] ==> ignore
    arg [cmTryCompileExec3061805109] ==> ignore
    arg [/usr/lib/gcc/x86_64-linux-gnu/4.8/../../../x86_64-linux-gnu/crt1.o] ==> ignore
    arg [/usr/lib/gcc/x86_64-linux-gnu/4.8/../../../x86_64-linux-gnu/crti.o] ==> ignore
    arg [/usr/lib/gcc/x86_64-linux-gnu/4.8/crtbegin.o] ==> ignore
    arg [-L/usr/lib/gcc/x86_64-linux-gnu/4.8] ==> dir [/usr/lib/gcc/x86_64-linux-gnu/4.8]
    arg [-L/usr/lib/gcc/x86_64-linux-gnu/4.8/../../../x86_64-linux-gnu] ==> dir [/usr/lib/gcc/x86_64-linux-gnu/4.8/../../../x86_64-linux-gnu]
    arg [-L/usr/lib/gcc/x86_64-linux-gnu/4.8/../../../../lib] ==> dir [/usr/lib/gcc/x86_64-linux-gnu/4.8/../../../../lib]
    arg [-L/lib/x86_64-linux-gnu] ==> dir [/lib/x86_64-linux-gnu]
    arg [-L/lib/../lib] ==> dir [/lib/../lib]
    arg [-L/usr/lib/x86_64-linux-gnu] ==> dir [/usr/lib/x86_64-linux-gnu]
    arg [-L/usr/lib/../lib] ==> dir [/usr/lib/../lib]
    arg [-L/usr/lib/gcc/x86_64-linux-gnu/4.8/../../..] ==> dir [/usr/lib/gcc/x86_64-linux-gnu/4.8/../../..]
    arg [CMakeFiles/cmTryCompileExec3061805109.dir/CMakeCXXCompilerABI.cpp.o] ==> ignore
    arg [-lstdc++] ==> lib [stdc++]
    arg [-lm] ==> lib [m]
    arg [-lgcc_s] ==> lib [gcc_s]
    arg [-lgcc] ==> lib [gcc]
    arg [-lc] ==> lib [c]
    arg [-lgcc_s] ==> lib [gcc_s]
    arg [-lgcc] ==> lib [gcc]
    arg [/usr/lib/gcc/x86_64-linux-gnu/4.8/crtend.o] ==> ignore
    arg [/usr/lib/gcc/x86_64-linux-gnu/4.8/../../../x86_64-linux-gnu/crtn.o] ==> ignore
  remove lib [gcc_s]
  remove lib [gcc]
  remove lib [gcc_s]
  remove lib [gcc]
  collapse library dir [/usr/lib/gcc/x86_64-linux-gnu/4.8] ==> [/usr/lib/gcc/x86_64-linux-gnu/4.8]
  collapse library dir [/usr/lib/gcc/x86_64-linux-gnu/4.8/../../../x86_64-linux-gnu] ==> [/usr/lib/x86_64-linux-gnu]
  collapse library dir [/usr/lib/gcc/x86_64-linux-gnu/4.8/../../../../lib] ==> [/usr/lib]
  collapse library dir [/lib/x86_64-linux-gnu] ==> [/lib/x86_64-linux-gnu]
  collapse library dir [/lib/../lib] ==> [/lib]
  collapse library dir [/usr/lib/x86_64-linux-gnu] ==> [/usr/lib/x86_64-linux-gnu]
  collapse library dir [/usr/lib/../lib] ==> [/usr/lib]
  collapse library dir [/usr/lib/gcc/x86_64-linux-gnu/4.8/../../..] ==> [/usr/lib]
  implicit libs: [stdc++;m;c]
  implicit dirs: [/usr/lib/gcc/x86_64-linux-gnu/4.8;/usr/lib/x86_64-linux-gnu;/usr/lib;/lib/x86_64-linux-gnu;/lib]
  implicit fwks: []


Performing C SOURCE FILE Test CFLAGS_WARN succeded with the following output:
Change Dir: /usr/local/src/gist/gromacs-4.5.3_gist/build/CMakeFiles/CMakeTmp

Run Build Command:/usr/bin/make "cmTryCompileExec1541176227/fast"
/usr/bin/make -f CMakeFiles/cmTryCompileExec1541176227.dir/build.make CMakeFiles/cmTryCompileExec1541176227.dir/build
make[1]: Entering directory `/usr/local/src/gist/gromacs-4.5.3_gist/build/CMakeFiles/CMakeTmp'
/usr/bin/cmake -E cmake_progress_report /usr/local/src/gist/gromacs-4.5.3_gist/build/CMakeFiles/CMakeTmp/CMakeFiles 1
Building C object CMakeFiles/cmTryCompileExec1541176227.dir/src.c.o
/usr/bin/cc   -DCFLAGS_WARN   -Wall -Wno-unused -o CMakeFiles/cmTryCompileExec1541176227.dir/src.c.o   -c /usr/local/src/gist/gromacs-4.5.3_gist/build/CMakeFiles/CMakeTmp/src.c
Linking C executable cmTryCompileExec1541176227
/usr/bin/cmake -E cmake_link_script CMakeFiles/cmTryCompileExec1541176227.dir/link.txt --verbose=1
/usr/bin/cc   -DCFLAGS_WARN    CMakeFiles/cmTryCompileExec1541176227.dir/src.c.o  -o cmTryCompileExec1541176227 -rdynamic 
make[1]: Leaving directory `/usr/local/src/gist/gromacs-4.5.3_gist/build/CMakeFiles/CMakeTmp'

Source file was:
int main(void) { return 0; }
Performing C SOURCE FILE Test CFLAGS_EXCESS_PREC succeded with the following output:
Change Dir: /usr/local/src/gist/gromacs-4.5.3_gist/build/CMakeFiles/CMakeTmp

Run Build Command:/usr/bin/make "cmTryCompileExec3254841899/fast"
/usr/bin/make -f CMakeFiles/cmTryCompileExec3254841899.dir/build.make CMakeFiles/cmTryCompileExec3254841899.dir/build
make[1]: Entering directory `/usr/local/src/gist/gromacs-4.5.3_gist/build/CMakeFiles/CMakeTmp'
/usr/bin/cmake -E cmake_progress_report /usr/local/src/gist/gromacs-4.5.3_gist/build/CMakeFiles/CMakeTmp/CMakeFiles 1
Building C object CMakeFiles/cmTryCompileExec3254841899.dir/src.c.o
/usr/bin/cc   -DCFLAGS_EXCESS_PREC   -fexcess-precision=fast -o CMakeFiles/cmTryCompileExec3254841899.dir/src.c.o   -c /usr/local/src/gist/gromacs-4.5.3_gist/build/CMakeFiles/CMakeTmp/src.c
Linking C executable cmTryCompileExec3254841899
/usr/bin/cmake -E cmake_link_script CMakeFiles/cmTryCompileExec3254841899.dir/link.txt --verbose=1
/usr/bin/cc   -DCFLAGS_EXCESS_PREC    CMakeFiles/cmTryCompileExec3254841899.dir/src.c.o  -o cmTryCompileExec3254841899 -rdynamic 
make[1]: Leaving directory `/usr/local/src/gist/gromacs-4.5.3_gist/build/CMakeFiles/CMakeTmp'

Source file was:
int main(void) { return 0; }
Performing C SOURCE FILE Test CFLAGS_COPT succeded with the following output:
Change Dir: /usr/local/src/gist/gromacs-4.5.3_gist/build/CMakeFiles/CMakeTmp

Run Build Command:/usr/bin/make "cmTryCompileExec383061796/fast"
/usr/bin/make -f CMakeFiles/cmTryCompileExec383061796.dir/build.make CMakeFiles/cmTryCompileExec383061796.dir/build
make[1]: Entering directory `/usr/local/src/gist/gromacs-4.5.3_gist/build/CMakeFiles/CMakeTmp'
/usr/bin/cmake -E cmake_progress_report /usr/local/src/gist/gromacs-4.5.3_gist/build/CMakeFiles/CMakeTmp/CMakeFiles 1
Building C object CMakeFiles/cmTryCompileExec383061796.dir/src.c.o
/usr/bin/cc   -DCFLAGS_COPT   -fomit-frame-pointer -finline-functions -funroll-all-loops -o CMakeFiles/cmTryCompileExec383061796.dir/src.c.o   -c /usr/local/src/gist/gromacs-4.5.3_gist/build/CMakeFiles/CMakeTmp/src.c
Linking C executable cmTryCompileExec383061796
/usr/bin/cmake -E cmake_link_script CMakeFiles/cmTryCompileExec383061796.dir/link.txt --verbose=1
/usr/bin/cc   -DCFLAGS_COPT    CMakeFiles/cmTryCompileExec383061796.dir/src.c.o  -o cmTryCompileExec383061796 -rdynamic 
make[1]: Leaving directory `/usr/local/src/gist/gromacs-4.5.3_gist/build/CMakeFiles/CMakeTmp'

Source file was:
int main(void) { return 0; }
Performing C SOURCE FILE Test CFLAGS_NOINLINE succeded with the following output:
Change Dir: /usr/local/src/gist/gromacs-4.5.3_gist/build/CMakeFiles/CMakeTmp

Run Build Command:/usr/bin/make "cmTryCompileExec1166488528/fast"
/usr/bin/make -f CMakeFiles/cmTryCompileExec1166488528.dir/build.make CMakeFiles/cmTryCompileExec1166488528.dir/build
make[1]: Entering directory `/usr/local/src/gist/gromacs-4.5.3_gist/build/CMakeFiles/CMakeTmp'
/usr/bin/cmake -E cmake_progress_report /usr/local/src/gist/gromacs-4.5.3_gist/build/CMakeFiles/CMakeTmp/CMakeFiles 1
Building C object CMakeFiles/cmTryCompileExec1166488528.dir/src.c.o
/usr/bin/cc   -DCFLAGS_NOINLINE   -fno-inline -o CMakeFiles/cmTryCompileExec1166488528.dir/src.c.o   -c /usr/local/src/gist/gromacs-4.5.3_gist/build/CMakeFiles/CMakeTmp/src.c
Linking C executable cmTryCompileExec1166488528
/usr/bin/cmake -E cmake_link_script CMakeFiles/cmTryCompileExec1166488528.dir/link.txt --verbose=1
/usr/bin/cc   -DCFLAGS_NOINLINE    CMakeFiles/cmTryCompileExec1166488528.dir/src.c.o  -o cmTryCompileExec1166488528 -rdynamic 
make[1]: Leaving directory `/usr/local/src/gist/gromacs-4.5.3_gist/build/CMakeFiles/CMakeTmp'

Source file was:
int main(void) { return 0; }
Performing C++ SOURCE FILE Test CXXFLAGS_WARN succeded with the following output:
Change Dir: /usr/local/src/gist/gromacs-4.5.3_gist/build/CMakeFiles/CMakeTmp

Run Build Command:/usr/bin/make "cmTryCompileExec1798156769/fast"
/usr/bin/make -f CMakeFiles/cmTryCompileExec1798156769.dir/build.make CMakeFiles/cmTryCompileExec1798156769.dir/build
make[1]: Entering directory `/usr/local/src/gist/gromacs-4.5.3_gist/build/CMakeFiles/CMakeTmp'
/usr/bin/cmake -E cmake_progress_report /usr/local/src/gist/gromacs-4.5.3_gist/build/CMakeFiles/CMakeTmp/CMakeFiles 1
Building CXX object CMakeFiles/cmTryCompileExec1798156769.dir/src.cxx.o
/usr/bin/c++    -DCXXFLAGS_WARN   -Wall -Wno-unused -o CMakeFiles/cmTryCompileExec1798156769.dir/src.cxx.o -c /usr/local/src/gist/gromacs-4.5.3_gist/build/CMakeFiles/CMakeTmp/src.cxx
Linking CXX executable cmTryCompileExec1798156769
/usr/bin/cmake -E cmake_link_script CMakeFiles/cmTryCompileExec1798156769.dir/link.txt --verbose=1
/usr/bin/c++    -DCXXFLAGS_WARN    CMakeFiles/cmTryCompileExec1798156769.dir/src.cxx.o  -o cmTryCompileExec1798156769 -rdynamic 
make[1]: Leaving directory `/usr/local/src/gist/gromacs-4.5.3_gist/build/CMakeFiles/CMakeTmp'

Source file was:
int main() { return 0;}
Performing C++ SOURCE FILE Test CXXFLAGS_EXCESS_PREC succeded with the following output:
Change Dir: /usr/local/src/gist/gromacs-4.5.3_gist/build/CMakeFiles/CMakeTmp

Run Build Command:/usr/bin/make "cmTryCompileExec3344310579/fast"
/usr/bin/make -f CMakeFiles/cmTryCompileExec3344310579.dir/build.make CMakeFiles/cmTryCompileExec3344310579.dir/build
make[1]: Entering directory `/usr/local/src/gist/gromacs-4.5.3_gist/build/CMakeFiles/CMakeTmp'
/usr/bin/cmake -E cmake_progress_report /usr/local/src/gist/gromacs-4.5.3_gist/build/CMakeFiles/CMakeTmp/CMakeFiles 1
Building CXX object CMakeFiles/cmTryCompileExec3344310579.dir/src.cxx.o
/usr/bin/c++    -DCXXFLAGS_EXCESS_PREC   -fexcess-precision=fast -o CMakeFiles/cmTryCompileExec3344310579.dir/src.cxx.o -c /usr/local/src/gist/gromacs-4.5.3_gist/build/CMakeFiles/CMakeTmp/src.cxx
Linking CXX executable cmTryCompileExec3344310579
/usr/bin/cmake -E cmake_link_script CMakeFiles/cmTryCompileExec3344310579.dir/link.txt --verbose=1
/usr/bin/c++    -DCXXFLAGS_EXCESS_PREC    CMakeFiles/cmTryCompileExec3344310579.dir/src.cxx.o  -o cmTryCompileExec3344310579 -rdynamic 
make[1]: Leaving directory `/usr/local/src/gist/gromacs-4.5.3_gist/build/CMakeFiles/CMakeTmp'

Source file was:
int main() { return 0;}
Performing C++ SOURCE FILE Test CXXFLAGS_COPT succeded with the following output:
Change Dir: /usr/local/src/gist/gromacs-4.5.3_gist/build/CMakeFiles/CMakeTmp

Run Build Command:/usr/bin/make "cmTryCompileExec880224034/fast"
/usr/bin/make -f CMakeFiles/cmTryCompileExec880224034.dir/build.make CMakeFiles/cmTryCompileExec880224034.dir/build
make[1]: Entering directory `/usr/local/src/gist/gromacs-4.5.3_gist/build/CMakeFiles/CMakeTmp'
/usr/bin/cmake -E cmake_progress_report /usr/local/src/gist/gromacs-4.5.3_gist/build/CMakeFiles/CMakeTmp/CMakeFiles 1
Building CXX object CMakeFiles/cmTryCompileExec880224034.dir/src.cxx.o
/usr/bin/c++    -DCXXFLAGS_COPT   -fomit-frame-pointer -finline-functions -funroll-all-loops -o CMakeFiles/cmTryCompileExec880224034.dir/src.cxx.o -c /usr/local/src/gist/gromacs-4.5.3_gist/build/CMakeFiles/CMakeTmp/src.cxx
Linking CXX executable cmTryCompileExec880224034
/usr/bin/cmake -E cmake_link_script CMakeFiles/cmTryCompileExec880224034.dir/link.txt --verbose=1
/usr/bin/c++    -DCXXFLAGS_COPT    CMakeFiles/cmTryCompileExec880224034.dir/src.cxx.o  -o cmTryCompileExec880224034 -rdynamic 
make[1]: Leaving directory `/usr/local/src/gist/gromacs-4.5.3_gist/build/CMakeFiles/CMakeTmp'

Source file was:
int main() { return 0;}
Performing C++ SOURCE FILE Test CXXFLAGS_NOINLINE succeded with the following output:
Change Dir: /usr/local/src/gist/gromacs-4.5.3_gist/build/CMakeFiles/CMakeTmp

Run Build Command:/usr/bin/make "cmTryCompileExec1167955060/fast"
/usr/bin/make -f CMakeFiles/cmTryCompileExec1167955060.dir/build.make CMakeFiles/cmTryCompileExec1167955060.dir/build
make[1]: Entering directory `/usr/local/src/gist/gromacs-4.5.3_gist/build/CMakeFiles/CMakeTmp'
/usr/bin/cmake -E cmake_progress_report /usr/local/src/gist/gromacs-4.5.3_gist/build/CMakeFiles/CMakeTmp/CMakeFiles 1
Building CXX object CMakeFiles/cmTryCompileExec1167955060.dir/src.cxx.o
/usr/bin/c++    -DCXXFLAGS_NOINLINE   -fno-inline -o CMakeFiles/cmTryCompileExec1167955060.dir/src.cxx.o -c /usr/local/src/gist/gromacs-4.5.3_gist/build/CMakeFiles/CMakeTmp/src.cxx
Linking CXX executable cmTryCompileExec1167955060
/usr/bin/cmake -E cmake_link_script CMakeFiles/cmTryCompileExec1167955060.dir/link.txt --verbose=1
/usr/bin/c++    -DCXXFLAGS_NOINLINE    CMakeFiles/cmTryCompileExec1167955060.dir/src.cxx.o  -o cmTryCompileExec1167955060 -rdynamic 
make[1]: Leaving directory `/usr/local/src/gist/gromacs-4.5.3_gist/build/CMakeFiles/CMakeTmp'

Source file was:
int main() { return 0;}
Determining if files string.h exist passed with the following output:
Change Dir: /usr/local/src/gist/gromacs-4.5.3_gist/build/CMakeFiles/CMakeTmp

Run Build Command:/usr/bin/make "cmTryCompileExec1352479580/fast"
/usr/bin/make -f CMakeFiles/cmTryCompileExec1352479580.dir/build.make CMakeFiles/cmTryCompileExec1352479580.dir/build
make[1]: Entering directory `/usr/local/src/gist/gromacs-4.5.3_gist/build/CMakeFiles/CMakeTmp'
/usr/bin/cmake -E cmake_progress_report /usr/local/src/gist/gromacs-4.5.3_gist/build/CMakeFiles/CMakeTmp/CMakeFiles 1
Building C object CMakeFiles/cmTryCompileExec1352479580.dir/CheckIncludeFiles.c.o
/usr/bin/cc   -fexcess-precision=fast -Wall -Wno-unused      -o CMakeFiles/cmTryCompileExec1352479580.dir/CheckIncludeFiles.c.o   -c /usr/local/src/gist/gromacs-4.5.3_gist/build/CMakeFiles/CMakeTmp/CheckIncludeFiles.c
Linking C executable cmTryCompileExec1352479580
/usr/bin/cmake -E cmake_link_script CMakeFiles/cmTryCompileExec1352479580.dir/link.txt --verbose=1
/usr/bin/cc  -fexcess-precision=fast -Wall -Wno-unused       CMakeFiles/cmTryCompileExec1352479580.dir/CheckIncludeFiles.c.o  -o cmTryCompileExec1352479580 -rdynamic 
make[1]: Leaving directory `/usr/local/src/gist/gromacs-4.5.3_gist/build/CMakeFiles/CMakeTmp'


Determining if files math.h exist passed with the following output:
Change Dir: /usr/local/src/gist/gromacs-4.5.3_gist/build/CMakeFiles/CMakeTmp

Run Build Command:/usr/bin/make "cmTryCompileExec3728578461/fast"
/usr/bin/make -f CMakeFiles/cmTryCompileExec3728578461.dir/build.make CMakeFiles/cmTryCompileExec3728578461.dir/build
make[1]: Entering directory `/usr/local/src/gist/gromacs-4.5.3_gist/build/CMakeFiles/CMakeTmp'
/usr/bin/cmake -E cmake_progress_report /usr/local/src/gist/gromacs-4.5.3_gist/build/CMakeFiles/CMakeTmp/CMakeFiles 1
Building C object CMakeFiles/cmTryCompileExec3728578461.dir/CheckIncludeFiles.c.o
/usr/bin/cc   -fexcess-precision=fast -Wall -Wno-unused      -o CMakeFiles/cmTryCompileExec3728578461.dir/CheckIncludeFiles.c.o   -c /usr/local/src/gist/gromacs-4.5.3_gist/build/CMakeFiles/CMakeTmp/CheckIncludeFiles.c
Linking C executable cmTryCompileExec3728578461
/usr/bin/cmake -E cmake_link_script CMakeFiles/cmTryCompileExec3728578461.dir/link.txt --verbose=1
/usr/bin/cc  -fexcess-precision=fast -Wall -Wno-unused       CMakeFiles/cmTryCompileExec3728578461.dir/CheckIncludeFiles.c.o  -o cmTryCompileExec3728578461 -rdynamic 
make[1]: Leaving directory `/usr/local/src/gist/gromacs-4.5.3_gist/build/CMakeFiles/CMakeTmp'


Determining if files limits.h exist passed with the following output:
Change Dir: /usr/local/src/gist/gromacs-4.5.3_gist/build/CMakeFiles/CMakeTmp

Run Build Command:/usr/bin/make "cmTryCompileExec3304844563/fast"
/usr/bin/make -f CMakeFiles/cmTryCompileExec3304844563.dir/build.make CMakeFiles/cmTryCompileExec3304844563.dir/build
make[1]: Entering directory `/usr/local/src/gist/gromacs-4.5.3_gist/build/CMakeFiles/CMakeTmp'
/usr/bin/cmake -E cmake_progress_report /usr/local/src/gist/gromacs-4.5.3_gist/build/CMakeFiles/CMakeTmp/CMakeFiles 1
Building C object CMakeFiles/cmTryCompileExec3304844563.dir/CheckIncludeFiles.c.o
/usr/bin/cc   -fexcess-precision=fast -Wall -Wno-unused      -o CMakeFiles/cmTryCompileExec3304844563.dir/CheckIncludeFiles.c.o   -c /usr/local/src/gist/gromacs-4.5.3_gist/build/CMakeFiles/CMakeTmp/CheckIncludeFiles.c
Linking C executable cmTryCompileExec3304844563
/usr/bin/cmake -E cmake_link_script CMakeFiles/cmTryCompileExec3304844563.dir/link.txt --verbose=1
/usr/bin/cc  -fexcess-precision=fast -Wall -Wno-unused       CMakeFiles/cmTryCompileExec3304844563.dir/CheckIncludeFiles.c.o  -o cmTryCompileExec3304844563 -rdynamic 
make[1]: Leaving directory `/usr/local/src/gist/gromacs-4.5.3_gist/build/CMakeFiles/CMakeTmp'


Determining if files memory.h exist passed with the following output:
Change Dir: /usr/local/src/gist/gromacs-4.5.3_gist/build/CMakeFiles/CMakeTmp

Run Build Command:/usr/bin/make "cmTryCompileExec111400957/fast"
/usr/bin/make -f CMakeFiles/cmTryCompileExec111400957.dir/build.make CMakeFiles/cmTryCompileExec111400957.dir/build
make[1]: Entering directory `/usr/local/src/gist/gromacs-4.5.3_gist/build/CMakeFiles/CMakeTmp'
/usr/bin/cmake -E cmake_progress_report /usr/local/src/gist/gromacs-4.5.3_gist/build/CMakeFiles/CMakeTmp/CMakeFiles 1
Building C object CMakeFiles/cmTryCompileExec111400957.dir/CheckIncludeFiles.c.o
/usr/bin/cc   -fexcess-precision=fast -Wall -Wno-unused      -o CMakeFiles/cmTryCompileExec111400957.dir/CheckIncludeFiles.c.o   -c /usr/local/src/gist/gromacs-4.5.3_gist/build/CMakeFiles/CMakeTmp/CheckIncludeFiles.c
Linking C executable cmTryCompileExec111400957
/usr/bin/cmake -E cmake_link_script CMakeFiles/cmTryCompileExec111400957.dir/link.txt --verbose=1
/usr/bin/cc  -fexcess-precision=fast -Wall -Wno-unused       CMakeFiles/cmTryCompileExec111400957.dir/CheckIncludeFiles.c.o  -o cmTryCompileExec111400957 -rdynamic 
make[1]: Leaving directory `/usr/local/src/gist/gromacs-4.5.3_gist/build/CMakeFiles/CMakeTmp'


Determining if files unistd.h exist passed with the following output:
Change Dir: /usr/local/src/gist/gromacs-4.5.3_gist/build/CMakeFiles/CMakeTmp

Run Build Command:/usr/bin/make "cmTryCompileExec2317676755/fast"
/usr/bin/make -f CMakeFiles/cmTryCompileExec2317676755.dir/build.make CMakeFiles/cmTryCompileExec2317676755.dir/build
make[1]: Entering directory `/usr/local/src/gist/gromacs-4.5.3_gist/build/CMakeFiles/CMakeTmp'
/usr/bin/cmake -E cmake_progress_report /usr/local/src/gist/gromacs-4.5.3_gist/build/CMakeFiles/CMakeTmp/CMakeFiles 1
Building C object CMakeFiles/cmTryCompileExec2317676755.dir/CheckIncludeFiles.c.o
/usr/bin/cc   -fexcess-precision=fast -Wall -Wno-unused      -o CMakeFiles/cmTryCompileExec2317676755.dir/CheckIncludeFiles.c.o   -c /usr/local/src/gist/gromacs-4.5.3_gist/build/CMakeFiles/CMakeTmp/CheckIncludeFiles.c
Linking C executable cmTryCompileExec2317676755
/usr/bin/cmake -E cmake_link_script CMakeFiles/cmTryCompileExec2317676755.dir/link.txt --verbose=1
/usr/bin/cc  -fexcess-precision=fast -Wall -Wno-unused       CMakeFiles/cmTryCompileExec2317676755.dir/CheckIncludeFiles.c.o  -o cmTryCompileExec2317676755 -rdynamic 
make[1]: Leaving directory `/usr/local/src/gist/gromacs-4.5.3_gist/build/CMakeFiles/CMakeTmp'


Determining if files pwd.h exist passed with the following output:
Change Dir: /usr/local/src/gist/gromacs-4.5.3_gist/build/CMakeFiles/CMakeTmp

Run Build Command:/usr/bin/make "cmTryCompileExec528952495/fast"
/usr/bin/make -f CMakeFiles/cmTryCompileExec528952495.dir/build.make CMakeFiles/cmTryCompileExec528952495.dir/build
make[1]: Entering directory `/usr/local/src/gist/gromacs-4.5.3_gist/build/CMakeFiles/CMakeTmp'
/usr/bin/cmake -E cmake_progress_report /usr/local/src/gist/gromacs-4.5.3_gist/build/CMakeFiles/CMakeTmp/CMakeFiles 1
Building C object CMakeFiles/cmTryCompileExec528952495.dir/CheckIncludeFiles.c.o
/usr/bin/cc   -fexcess-precision=fast -Wall -Wno-unused      -o CMakeFiles/cmTryCompileExec528952495.dir/CheckIncludeFiles.c.o   -c /usr/local/src/gist/gromacs-4.5.3_gist/build/CMakeFiles/CMakeTmp/CheckIncludeFiles.c
Linking C executable cmTryCompileExec528952495
/usr/bin/cmake -E cmake_link_script CMakeFiles/cmTryCompileExec528952495.dir/link.txt --verbose=1
/usr/bin/cc  -fexcess-precision=fast -Wall -Wno-unused       CMakeFiles/cmTryCompileExec528952495.dir/CheckIncludeFiles.c.o  -o cmTryCompileExec528952495 -rdynamic 
make[1]: Leaving directory `/usr/local/src/gist/gromacs-4.5.3_gist/build/CMakeFiles/CMakeTmp'


Determining if files stdint.h exist passed with the following output:
Change Dir: /usr/local/src/gist/gromacs-4.5.3_gist/build/CMakeFiles/CMakeTmp

Run Build Command:/usr/bin/make "cmTryCompileExec625763883/fast"
/usr/bin/make -f CMakeFiles/cmTryCompileExec625763883.dir/build.make CMakeFiles/cmTryCompileExec625763883.dir/build
make[1]: Entering directory `/usr/local/src/gist/gromacs-4.5.3_gist/build/CMakeFiles/CMakeTmp'
/usr/bin/cmake -E cmake_progress_report /usr/local/src/gist/gromacs-4.5.3_gist/build/CMakeFiles/CMakeTmp/CMakeFiles 1
Building C object CMakeFiles/cmTryCompileExec625763883.dir/CheckIncludeFiles.c.o
/usr/bin/cc   -fexcess-precision=fast -Wall -Wno-unused      -o CMakeFiles/cmTryCompileExec625763883.dir/CheckIncludeFiles.c.o   -c /usr/local/src/gist/gromacs-4.5.3_gist/build/CMakeFiles/CMakeTmp/CheckIncludeFiles.c
Linking C executable cmTryCompileExec625763883
/usr/bin/cmake -E cmake_link_script CMakeFiles/cmTryCompileExec625763883.dir/link.txt --verbose=1
/usr/bin/cc  -fexcess-precision=fast -Wall -Wno-unused       CMakeFiles/cmTryCompileExec625763883.dir/CheckIncludeFiles.c.o  -o cmTryCompileExec625763883 -rdynamic 
make[1]: Leaving directory `/usr/local/src/gist/gromacs-4.5.3_gist/build/CMakeFiles/CMakeTmp'


Determining if files stdlib.h exist passed with the following output:
Change Dir: /usr/local/src/gist/gromacs-4.5.3_gist/build/CMakeFiles/CMakeTmp

Run Build Command:/usr/bin/make "cmTryCompileExec2752321587/fast"
/usr/bin/make -f CMakeFiles/cmTryCompileExec2752321587.dir/build.make CMakeFiles/cmTryCompileExec2752321587.dir/build
make[1]: Entering directory `/usr/local/src/gist/gromacs-4.5.3_gist/build/CMakeFiles/CMakeTmp'
/usr/bin/cmake -E cmake_progress_report /usr/local/src/gist/gromacs-4.5.3_gist/build/CMakeFiles/CMakeTmp/CMakeFiles 1
Building C object CMakeFiles/cmTryCompileExec2752321587.dir/CheckIncludeFiles.c.o
/usr/bin/cc   -fexcess-precision=fast -Wall -Wno-unused      -o CMakeFiles/cmTryCompileExec2752321587.dir/CheckIncludeFiles.c.o   -c /usr/local/src/gist/gromacs-4.5.3_gist/build/CMakeFiles/CMakeTmp/CheckIncludeFiles.c
Linking C executable cmTryCompileExec2752321587
/usr/bin/cmake -E cmake_link_script CMakeFiles/cmTryCompileExec2752321587.dir/link.txt --verbose=1
/usr/bin/cc  -fexcess-precision=fast -Wall -Wno-unused       CMakeFiles/cmTryCompileExec2752321587.dir/CheckIncludeFiles.c.o  -o cmTryCompileExec2752321587 -rdynamic 
make[1]: Leaving directory `/usr/local/src/gist/gromacs-4.5.3_gist/build/CMakeFiles/CMakeTmp'


Determining if files pthread.h exist passed with the following output:
Change Dir: /usr/local/src/gist/gromacs-4.5.3_gist/build/CMakeFiles/CMakeTmp

Run Build Command:/usr/bin/make "cmTryCompileExec2093712343/fast"
/usr/bin/make -f CMakeFiles/cmTryCompileExec2093712343.dir/build.make CMakeFiles/cmTryCompileExec2093712343.dir/build
make[1]: Entering directory `/usr/local/src/gist/gromacs-4.5.3_gist/build/CMakeFiles/CMakeTmp'
/usr/bin/cmake -E cmake_progress_report /usr/local/src/gist/gromacs-4.5.3_gist/build/CMakeFiles/CMakeTmp/CMakeFiles 1
Building C object CMakeFiles/cmTryCompileExec2093712343.dir/CheckIncludeFiles.c.o
/usr/bin/cc   -fexcess-precision=fast -Wall -Wno-unused      -o CMakeFiles/cmTryCompileExec2093712343.dir/CheckIncludeFiles.c.o   -c /usr/local/src/gist/gromacs-4.5.3_gist/build/CMakeFiles/CMakeTmp/CheckIncludeFiles.c
Linking C executable cmTryCompileExec2093712343
/usr/bin/cmake -E cmake_link_script CMakeFiles/cmTryCompileExec2093712343.dir/link.txt --verbose=1
/usr/bin/cc  -fexcess-precision=fast -Wall -Wno-unused       CMakeFiles/cmTryCompileExec2093712343.dir/CheckIncludeFiles.c.o  -o cmTryCompileExec2093712343 -rdynamic 
make[1]: Leaving directory `/usr/local/src/gist/gromacs-4.5.3_gist/build/CMakeFiles/CMakeTmp'


Determining if files dirent.h exist passed with the following output:
Change Dir: /usr/local/src/gist/gromacs-4.5.3_gist/build/CMakeFiles/CMakeTmp

Run Build Command:/usr/bin/make "cmTryCompileExec2828446376/fast"
/usr/bin/make -f CMakeFiles/cmTryCompileExec2828446376.dir/build.make CMakeFiles/cmTryCompileExec2828446376.dir/build
make[1]: Entering directory `/usr/local/src/gist/gromacs-4.5.3_gist/build/CMakeFiles/CMakeTmp'
/usr/bin/cmake -E cmake_progress_report /usr/local/src/gist/gromacs-4.5.3_gist/build/CMakeFiles/CMakeTmp/CMakeFiles 1
Building C object CMakeFiles/cmTryCompileExec2828446376.dir/CheckIncludeFiles.c.o
/usr/bin/cc   -fexcess-precision=fast -Wall -Wno-unused      -o CMakeFiles/cmTryCompileExec2828446376.dir/CheckIncludeFiles.c.o   -c /usr/local/src/gist/gromacs-4.5.3_gist/build/CMakeFiles/CMakeTmp/CheckIncludeFiles.c
Linking C executable cmTryCompileExec2828446376
/usr/bin/cmake -E cmake_link_script CMakeFiles/cmTryCompileExec2828446376.dir/link.txt --verbose=1
/usr/bin/cc  -fexcess-precision=fast -Wall -Wno-unused       CMakeFiles/cmTryCompileExec2828446376.dir/CheckIncludeFiles.c.o  -o cmTryCompileExec2828446376 -rdynamic 
make[1]: Leaving directory `/usr/local/src/gist/gromacs-4.5.3_gist/build/CMakeFiles/CMakeTmp'


Determining if files inttypes.h exist passed with the following output:
Change Dir: /usr/local/src/gist/gromacs-4.5.3_gist/build/CMakeFiles/CMakeTmp

Run Build Command:/usr/bin/make "cmTryCompileExec3917986119/fast"
/usr/bin/make -f CMakeFiles/cmTryCompileExec3917986119.dir/build.make CMakeFiles/cmTryCompileExec3917986119.dir/build
make[1]: Entering directory `/usr/local/src/gist/gromacs-4.5.3_gist/build/CMakeFiles/CMakeTmp'
/usr/bin/cmake -E cmake_progress_report /usr/local/src/gist/gromacs-4.5.3_gist/build/CMakeFiles/CMakeTmp/CMakeFiles 1
Building C object CMakeFiles/cmTryCompileExec3917986119.dir/CheckIncludeFiles.c.o
/usr/bin/cc   -fexcess-precision=fast -Wall -Wno-unused      -o CMakeFiles/cmTryCompileExec3917986119.dir/CheckIncludeFiles.c.o   -c /usr/local/src/gist/gromacs-4.5.3_gist/build/CMakeFiles/CMakeTmp/CheckIncludeFiles.c
Linking C executable cmTryCompileExec3917986119
/usr/bin/cmake -E cmake_link_script CMakeFiles/cmTryCompileExec3917986119.dir/link.txt --verbose=1
/usr/bin/cc  -fexcess-precision=fast -Wall -Wno-unused       CMakeFiles/cmTryCompileExec3917986119.dir/CheckIncludeFiles.c.o  -o cmTryCompileExec3917986119 -rdynamic 
make[1]: Leaving directory `/usr/local/src/gist/gromacs-4.5.3_gist/build/CMakeFiles/CMakeTmp'


Determining if files regex.h exist passed with the following output:
Change Dir: /usr/local/src/gist/gromacs-4.5.3_gist/build/CMakeFiles/CMakeTmp

Run Build Command:/usr/bin/make "cmTryCompileExec4244991137/fast"
/usr/bin/make -f CMakeFiles/cmTryCompileExec4244991137.dir/build.make CMakeFiles/cmTryCompileExec4244991137.dir/build
make[1]: Entering directory `/usr/local/src/gist/gromacs-4.5.3_gist/build/CMakeFiles/CMakeTmp'
/usr/bin/cmake -E cmake_progress_report /usr/local/src/gist/gromacs-4.5.3_gist/build/CMakeFiles/CMakeTmp/CMakeFiles 1
Building C object CMakeFiles/cmTryCompileExec4244991137.dir/CheckIncludeFiles.c.o
/usr/bin/cc   -fexcess-precision=fast -Wall -Wno-unused      -o CMakeFiles/cmTryCompileExec4244991137.dir/CheckIncludeFiles.c.o   -c /usr/local/src/gist/gromacs-4.5.3_gist/build/CMakeFiles/CMakeTmp/CheckIncludeFiles.c
Linking C executable cmTryCompileExec4244991137
/usr/bin/cmake -E cmake_link_script CMakeFiles/cmTryCompileExec4244991137.dir/link.txt --verbose=1
/usr/bin/cc  -fexcess-precision=fast -Wall -Wno-unused       CMakeFiles/cmTryCompileExec4244991137.dir/CheckIncludeFiles.c.o  -o cmTryCompileExec4244991137 -rdynamic 
make[1]: Leaving directory `/usr/local/src/gist/gromacs-4.5.3_gist/build/CMakeFiles/CMakeTmp'


Determining if files sys/types.h exist passed with the following output:
Change Dir: /usr/local/src/gist/gromacs-4.5.3_gist/build/CMakeFiles/CMakeTmp

Run Build Command:/usr/bin/make "cmTryCompileExec424356488/fast"
/usr/bin/make -f CMakeFiles/cmTryCompileExec424356488.dir/build.make CMakeFiles/cmTryCompileExec424356488.dir/build
make[1]: Entering directory `/usr/local/src/gist/gromacs-4.5.3_gist/build/CMakeFiles/CMakeTmp'
/usr/bin/cmake -E cmake_progress_report /usr/local/src/gist/gromacs-4.5.3_gist/build/CMakeFiles/CMakeTmp/CMakeFiles 1
Building C object CMakeFiles/cmTryCompileExec424356488.dir/CheckIncludeFiles.c.o
/usr/bin/cc   -fexcess-precision=fast -Wall -Wno-unused      -o CMakeFiles/cmTryCompileExec424356488.dir/CheckIncludeFiles.c.o   -c /usr/local/src/gist/gromacs-4.5.3_gist/build/CMakeFiles/CMakeTmp/CheckIncludeFiles.c
Linking C executable cmTryCompileExec424356488
/usr/bin/cmake -E cmake_link_script CMakeFiles/cmTryCompileExec424356488.dir/link.txt --verbose=1
/usr/bin/cc  -fexcess-precision=fast -Wall -Wno-unused       CMakeFiles/cmTryCompileExec424356488.dir/CheckIncludeFiles.c.o  -o cmTryCompileExec424356488 -rdynamic 
make[1]: Leaving directory `/usr/local/src/gist/gromacs-4.5.3_gist/build/CMakeFiles/CMakeTmp'


Determining if files sys/stat.h exist passed with the following output:
Change Dir: /usr/local/src/gist/gromacs-4.5.3_gist/build/CMakeFiles/CMakeTmp

Run Build Command:/usr/bin/make "cmTryCompileExec1130625552/fast"
/usr/bin/make -f CMakeFiles/cmTryCompileExec1130625552.dir/build.make CMakeFiles/cmTryCompileExec1130625552.dir/build
make[1]: Entering directory `/usr/local/src/gist/gromacs-4.5.3_gist/build/CMakeFiles/CMakeTmp'
/usr/bin/cmake -E cmake_progress_report /usr/local/src/gist/gromacs-4.5.3_gist/build/CMakeFiles/CMakeTmp/CMakeFiles 1
Building C object CMakeFiles/cmTryCompileExec1130625552.dir/CheckIncludeFiles.c.o
/usr/bin/cc   -fexcess-precision=fast -Wall -Wno-unused      -o CMakeFiles/cmTryCompileExec1130625552.dir/CheckIncludeFiles.c.o   -c /usr/local/src/gist/gromacs-4.5.3_gist/build/CMakeFiles/CMakeTmp/CheckIncludeFiles.c
Linking C executable cmTryCompileExec1130625552
/usr/bin/cmake -E cmake_link_script CMakeFiles/cmTryCompileExec1130625552.dir/link.txt --verbose=1
/usr/bin/cc  -fexcess-precision=fast -Wall -Wno-unused       CMakeFiles/cmTryCompileExec1130625552.dir/CheckIncludeFiles.c.o  -o cmTryCompileExec1130625552 -rdynamic 
make[1]: Leaving directory `/usr/local/src/gist/gromacs-4.5.3_gist/build/CMakeFiles/CMakeTmp'


Determining if files sys/time.h exist passed with the following output:
Change Dir: /usr/local/src/gist/gromacs-4.5.3_gist/build/CMakeFiles/CMakeTmp

Run Build Command:/usr/bin/make "cmTryCompileExec3149883079/fast"
/usr/bin/make -f CMakeFiles/cmTryCompileExec3149883079.dir/build.make CMakeFiles/cmTryCompileExec3149883079.dir/build
make[1]: Entering directory `/usr/local/src/gist/gromacs-4.5.3_gist/build/CMakeFiles/CMakeTmp'
/usr/bin/cmake -E cmake_progress_report /usr/local/src/gist/gromacs-4.5.3_gist/build/CMakeFiles/CMakeTmp/CMakeFiles 1
Building C object CMakeFiles/cmTryCompileExec3149883079.dir/CheckIncludeFiles.c.o
/usr/bin/cc   -fexcess-precision=fast -Wall -Wno-unused      -o CMakeFiles/cmTryCompileExec3149883079.dir/CheckIncludeFiles.c.o   -c /usr/local/src/gist/gromacs-4.5.3_gist/build/CMakeFiles/CMakeTmp/CheckIncludeFiles.c
Linking C executable cmTryCompileExec3149883079
/usr/bin/cmake -E cmake_link_script CMakeFiles/cmTryCompileExec3149883079.dir/link.txt --verbose=1
/usr/bin/cc  -fexcess-precision=fast -Wall -Wno-unused       CMakeFiles/cmTryCompileExec3149883079.dir/CheckIncludeFiles.c.o  -o cmTryCompileExec3149883079 -rdynamic 
make[1]: Leaving directory `/usr/local/src/gist/gromacs-4.5.3_gist/build/CMakeFiles/CMakeTmp'


Determining if files rpc/rpc.h exist passed with the following output:
Change Dir: /usr/local/src/gist/gromacs-4.5.3_gist/build/CMakeFiles/CMakeTmp

Run Build Command:/usr/bin/make "cmTryCompileExec3890896818/fast"
/usr/bin/make -f CMakeFiles/cmTryCompileExec3890896818.dir/build.make CMakeFiles/cmTryCompileExec3890896818.dir/build
make[1]: Entering directory `/usr/local/src/gist/gromacs-4.5.3_gist/build/CMakeFiles/CMakeTmp'
/usr/bin/cmake -E cmake_progress_report /usr/local/src/gist/gromacs-4.5.3_gist/build/CMakeFiles/CMakeTmp/CMakeFiles 1
Building C object CMakeFiles/cmTryCompileExec3890896818.dir/CheckIncludeFiles.c.o
/usr/bin/cc   -fexcess-precision=fast -Wall -Wno-unused      -o CMakeFiles/cmTryCompileExec3890896818.dir/CheckIncludeFiles.c.o   -c /usr/local/src/gist/gromacs-4.5.3_gist/build/CMakeFiles/CMakeTmp/CheckIncludeFiles.c
Linking C executable cmTryCompileExec3890896818
/usr/bin/cmake -E cmake_link_script CMakeFiles/cmTryCompileExec3890896818.dir/link.txt --verbose=1
/usr/bin/cc  -fexcess-precision=fast -Wall -Wno-unused       CMakeFiles/cmTryCompileExec3890896818.dir/CheckIncludeFiles.c.o  -o cmTryCompileExec3890896818 -rdynamic 
make[1]: Leaving directory `/usr/local/src/gist/gromacs-4.5.3_gist/build/CMakeFiles/CMakeTmp'


Determining if files rpc/rpc.h;rpc/xdr.h exist passed with the following output:
Change Dir: /usr/local/src/gist/gromacs-4.5.3_gist/build/CMakeFiles/CMakeTmp

Run Build Command:/usr/bin/make "cmTryCompileExec1268964873/fast"
/usr/bin/make -f CMakeFiles/cmTryCompileExec1268964873.dir/build.make CMakeFiles/cmTryCompileExec1268964873.dir/build
make[1]: Entering directory `/usr/local/src/gist/gromacs-4.5.3_gist/build/CMakeFiles/CMakeTmp'
/usr/bin/cmake -E cmake_progress_report /usr/local/src/gist/gromacs-4.5.3_gist/build/CMakeFiles/CMakeTmp/CMakeFiles 1
Building C object CMakeFiles/cmTryCompileExec1268964873.dir/CheckIncludeFiles.c.o
/usr/bin/cc   -fexcess-precision=fast -Wall -Wno-unused      -o CMakeFiles/cmTryCompileExec1268964873.dir/CheckIncludeFiles.c.o   -c /usr/local/src/gist/gromacs-4.5.3_gist/build/CMakeFiles/CMakeTmp/CheckIncludeFiles.c
Linking C executable cmTryCompileExec1268964873
/usr/bin/cmake -E cmake_link_script CMakeFiles/cmTryCompileExec1268964873.dir/link.txt --verbose=1
/usr/bin/cc  -fexcess-precision=fast -Wall -Wno-unused       CMakeFiles/cmTryCompileExec1268964873.dir/CheckIncludeFiles.c.o  -o cmTryCompileExec1268964873 -rdynamic 
make[1]: Leaving directory `/usr/local/src/gist/gromacs-4.5.3_gist/build/CMakeFiles/CMakeTmp'


Determining if files xmmintrin.h exist passed with the following output:
Change Dir: /usr/local/src/gist/gromacs-4.5.3_gist/build/CMakeFiles/CMakeTmp

Run Build Command:/usr/bin/make "cmTryCompileExec3619730031/fast"
/usr/bin/make -f CMakeFiles/cmTryCompileExec3619730031.dir/build.make CMakeFiles/cmTryCompileExec3619730031.dir/build
make[1]: Entering directory `/usr/local/src/gist/gromacs-4.5.3_gist/build/CMakeFiles/CMakeTmp'
/usr/bin/cmake -E cmake_progress_report /usr/local/src/gist/gromacs-4.5.3_gist/build/CMakeFiles/CMakeTmp/CMakeFiles 1
Building C object CMakeFiles/cmTryCompileExec3619730031.dir/CheckIncludeFiles.c.o
/usr/bin/cc   -fexcess-precision=fast -Wall -Wno-unused      -o CMakeFiles/cmTryCompileExec3619730031.dir/CheckIncludeFiles.c.o   -c /usr/local/src/gist/gromacs-4.5.3_gist/build/CMakeFiles/CMakeTmp/CheckIncludeFiles.c
Linking C executable cmTryCompileExec3619730031
/usr/bin/cmake -E cmake_link_script CMakeFiles/cmTryCompileExec3619730031.dir/link.txt --verbose=1
/usr/bin/cc  -fexcess-precision=fast -Wall -Wno-unused       CMakeFiles/cmTryCompileExec3619730031.dir/CheckIncludeFiles.c.o  -o cmTryCompileExec3619730031 -rdynamic 
make[1]: Leaving directory `/usr/local/src/gist/gromacs-4.5.3_gist/build/CMakeFiles/CMakeTmp'


Determining if files emmintrin.h exist passed with the following output:
Change Dir: /usr/local/src/gist/gromacs-4.5.3_gist/build/CMakeFiles/CMakeTmp

Run Build Command:/usr/bin/make "cmTryCompileExec132473750/fast"
/usr/bin/make -f CMakeFiles/cmTryCompileExec132473750.dir/build.make CMakeFiles/cmTryCompileExec132473750.dir/build
make[1]: Entering directory `/usr/local/src/gist/gromacs-4.5.3_gist/build/CMakeFiles/CMakeTmp'
/usr/bin/cmake -E cmake_progress_report /usr/local/src/gist/gromacs-4.5.3_gist/build/CMakeFiles/CMakeTmp/CMakeFiles 1
Building C object CMakeFiles/cmTryCompileExec132473750.dir/CheckIncludeFiles.c.o
/usr/bin/cc   -fexcess-precision=fast -Wall -Wno-unused      -o CMakeFiles/cmTryCompileExec132473750.dir/CheckIncludeFiles.c.o   -c /usr/local/src/gist/gromacs-4.5.3_gist/build/CMakeFiles/CMakeTmp/CheckIncludeFiles.c
Linking C executable cmTryCompileExec132473750
/usr/bin/cmake -E cmake_link_script CMakeFiles/cmTryCompileExec132473750.dir/link.txt --verbose=1
/usr/bin/cc  -fexcess-precision=fast -Wall -Wno-unused       CMakeFiles/cmTryCompileExec132473750.dir/CheckIncludeFiles.c.o  -o cmTryCompileExec132473750 -rdynamic 
make[1]: Leaving directory `/usr/local/src/gist/gromacs-4.5.3_gist/build/CMakeFiles/CMakeTmp'


Determining if the function strcasecmp exists passed with the following output:
Change Dir: /usr/local/src/gist/gromacs-4.5.3_gist/build/CMakeFiles/CMakeTmp

Run Build Command:/usr/bin/make "cmTryCompileExec855258622/fast"
/usr/bin/make -f CMakeFiles/cmTryCompileExec855258622.dir/build.make CMakeFiles/cmTryCompileExec855258622.dir/build
make[1]: Entering directory `/usr/local/src/gist/gromacs-4.5.3_gist/build/CMakeFiles/CMakeTmp'
/usr/bin/cmake -E cmake_progress_report /usr/local/src/gist/gromacs-4.5.3_gist/build/CMakeFiles/CMakeTmp/CMakeFiles 1
Building C object CMakeFiles/cmTryCompileExec855258622.dir/CheckFunctionExists.c.o
/usr/bin/cc   -fexcess-precision=fast -Wall -Wno-unused   -DCHECK_FUNCTION_EXISTS=strcasecmp   -o CMakeFiles/cmTryCompileExec855258622.dir/CheckFunctionExists.c.o   -c /usr/share/cmake-2.8/Modules/CheckFunctionExists.c
<command-line>:0:23: warning: conflicting types for built-in function strcasecmp [enabled by default]
/usr/share/cmake-2.8/Modules/CheckFunctionExists.c:3:6: note: in expansion of macro CHECK_FUNCTION_EXISTS
 char CHECK_FUNCTION_EXISTS();
      ^
Linking C executable cmTryCompileExec855258622
/usr/bin/cmake -E cmake_link_script CMakeFiles/cmTryCompileExec855258622.dir/link.txt --verbose=1
/usr/bin/cc  -fexcess-precision=fast -Wall -Wno-unused   -DCHECK_FUNCTION_EXISTS=strcasecmp    CMakeFiles/cmTryCompileExec855258622.dir/CheckFunctionExists.c.o  -o cmTryCompileExec855258622 -rdynamic 
make[1]: Leaving directory `/usr/local/src/gist/gromacs-4.5.3_gist/build/CMakeFiles/CMakeTmp'


Determining if the function strdup exists passed with the following output:
Change Dir: /usr/local/src/gist/gromacs-4.5.3_gist/build/CMakeFiles/CMakeTmp

Run Build Command:/usr/bin/make "cmTryCompileExec2021316766/fast"
/usr/bin/make -f CMakeFiles/cmTryCompileExec2021316766.dir/build.make CMakeFiles/cmTryCompileExec2021316766.dir/build
make[1]: Entering directory `/usr/local/src/gist/gromacs-4.5.3_gist/build/CMakeFiles/CMakeTmp'
/usr/bin/cmake -E cmake_progress_report /usr/local/src/gist/gromacs-4.5.3_gist/build/CMakeFiles/CMakeTmp/CMakeFiles 1
Building C object CMakeFiles/cmTryCompileExec2021316766.dir/CheckFunctionExists.c.o
/usr/bin/cc   -fexcess-precision=fast -Wall -Wno-unused   -DCHECK_FUNCTION_EXISTS=strdup   -o CMakeFiles/cmTryCompileExec2021316766.dir/CheckFunctionExists.c.o   -c /usr/share/cmake-2.8/Modules/CheckFunctionExists.c
<command-line>:0:23: warning: conflicting types for built-in function strdup [enabled by default]
/usr/share/cmake-2.8/Modules/CheckFunctionExists.c:3:6: note: in expansion of macro CHECK_FUNCTION_EXISTS
 char CHECK_FUNCTION_EXISTS();
      ^
Linking C executable cmTryCompileExec2021316766
/usr/bin/cmake -E cmake_link_script CMakeFiles/cmTryCompileExec2021316766.dir/link.txt --verbose=1
/usr/bin/cc  -fexcess-precision=fast -Wall -Wno-unused   -DCHECK_FUNCTION_EXISTS=strdup    CMakeFiles/cmTryCompileExec2021316766.dir/CheckFunctionExists.c.o  -o cmTryCompileExec2021316766 -rdynamic 
make[1]: Leaving directory `/usr/local/src/gist/gromacs-4.5.3_gist/build/CMakeFiles/CMakeTmp'


Determining if the function vprintf exists passed with the following output:
Change Dir: /usr/local/src/gist/gromacs-4.5.3_gist/build/CMakeFiles/CMakeTmp

Run Build Command:/usr/bin/make "cmTryCompileExec3331923503/fast"
/usr/bin/make -f CMakeFiles/cmTryCompileExec3331923503.dir/build.make CMakeFiles/cmTryCompileExec3331923503.dir/build
make[1]: Entering directory `/usr/local/src/gist/gromacs-4.5.3_gist/build/CMakeFiles/CMakeTmp'
/usr/bin/cmake -E cmake_progress_report /usr/local/src/gist/gromacs-4.5.3_gist/build/CMakeFiles/CMakeTmp/CMakeFiles 1
Building C object CMakeFiles/cmTryCompileExec3331923503.dir/CheckFunctionExists.c.o
/usr/bin/cc   -fexcess-precision=fast -Wall -Wno-unused   -DCHECK_FUNCTION_EXISTS=vprintf   -o CMakeFiles/cmTryCompileExec3331923503.dir/CheckFunctionExists.c.o   -c /usr/share/cmake-2.8/Modules/CheckFunctionExists.c
<command-line>:0:23: warning: conflicting types for built-in function vprintf [enabled by default]
/usr/share/cmake-2.8/Modules/CheckFunctionExists.c:3:6: note: in expansion of macro CHECK_FUNCTION_EXISTS
 char CHECK_FUNCTION_EXISTS();
      ^
Linking C executable cmTryCompileExec3331923503
/usr/bin/cmake -E cmake_link_script CMakeFiles/cmTryCompileExec3331923503.dir/link.txt --verbose=1
/usr/bin/cc  -fexcess-precision=fast -Wall -Wno-unused   -DCHECK_FUNCTION_EXISTS=vprintf    CMakeFiles/cmTryCompileExec3331923503.dir/CheckFunctionExists.c.o  -o cmTryCompileExec3331923503 -rdynamic 
make[1]: Leaving directory `/usr/local/src/gist/gromacs-4.5.3_gist/build/CMakeFiles/CMakeTmp'


Determining if the function memcmp exists passed with the following output:
Change Dir: /usr/local/src/gist/gromacs-4.5.3_gist/build/CMakeFiles/CMakeTmp

Run Build Command:/usr/bin/make "cmTryCompileExec3988189547/fast"
/usr/bin/make -f CMakeFiles/cmTryCompileExec3988189547.dir/build.make CMakeFiles/cmTryCompileExec3988189547.dir/build
make[1]: Entering directory `/usr/local/src/gist/gromacs-4.5.3_gist/build/CMakeFiles/CMakeTmp'
/usr/bin/cmake -E cmake_progress_report /usr/local/src/gist/gromacs-4.5.3_gist/build/CMakeFiles/CMakeTmp/CMakeFiles 1
Building C object CMakeFiles/cmTryCompileExec3988189547.dir/CheckFunctionExists.c.o
/usr/bin/cc   -fexcess-precision=fast -Wall -Wno-unused   -DCHECK_FUNCTION_EXISTS=memcmp   -o CMakeFiles/cmTryCompileExec3988189547.dir/CheckFunctionExists.c.o   -c /usr/share/cmake-2.8/Modules/CheckFunctionExists.c
<command-line>:0:23: warning: conflicting types for built-in function memcmp [enabled by default]
/usr/share/cmake-2.8/Modules/CheckFunctionExists.c:3:6: note: in expansion of macro CHECK_FUNCTION_EXISTS
 char CHECK_FUNCTION_EXISTS();
      ^
Linking C executable cmTryCompileExec3988189547
/usr/bin/cmake -E cmake_link_script CMakeFiles/cmTryCompileExec3988189547.dir/link.txt --verbose=1
/usr/bin/cc  -fexcess-precision=fast -Wall -Wno-unused   -DCHECK_FUNCTION_EXISTS=memcmp    CMakeFiles/cmTryCompileExec3988189547.dir/CheckFunctionExists.c.o  -o cmTryCompileExec3988189547 -rdynamic 
make[1]: Leaving directory `/usr/local/src/gist/gromacs-4.5.3_gist/build/CMakeFiles/CMakeTmp'


Determining if the function posix_memalign exists passed with the following output:
Change Dir: /usr/local/src/gist/gromacs-4.5.3_gist/build/CMakeFiles/CMakeTmp

Run Build Command:/usr/bin/make "cmTryCompileExec3542892168/fast"
/usr/bin/make -f CMakeFiles/cmTryCompileExec3542892168.dir/build.make CMakeFiles/cmTryCompileExec3542892168.dir/build
make[1]: Entering directory `/usr/local/src/gist/gromacs-4.5.3_gist/build/CMakeFiles/CMakeTmp'
/usr/bin/cmake -E cmake_progress_report /usr/local/src/gist/gromacs-4.5.3_gist/build/CMakeFiles/CMakeTmp/CMakeFiles 1
Building C object CMakeFiles/cmTryCompileExec3542892168.dir/CheckFunctionExists.c.o
/usr/bin/cc   -fexcess-precision=fast -Wall -Wno-unused   -DCHECK_FUNCTION_EXISTS=posix_memalign   -o CMakeFiles/cmTryCompileExec3542892168.dir/CheckFunctionExists.c.o   -c /usr/share/cmake-2.8/Modules/CheckFunctionExists.c
Linking C executable cmTryCompileExec3542892168
/usr/bin/cmake -E cmake_link_script CMakeFiles/cmTryCompileExec3542892168.dir/link.txt --verbose=1
/usr/bin/cc  -fexcess-precision=fast -Wall -Wno-unused   -DCHECK_FUNCTION_EXISTS=posix_memalign    CMakeFiles/cmTryCompileExec3542892168.dir/CheckFunctionExists.c.o  -o cmTryCompileExec3542892168 -rdynamic 
make[1]: Leaving directory `/usr/local/src/gist/gromacs-4.5.3_gist/build/CMakeFiles/CMakeTmp'


Determining if the function memalign exists passed with the following output:
Change Dir: /usr/local/src/gist/gromacs-4.5.3_gist/build/CMakeFiles/CMakeTmp

Run Build Command:/usr/bin/make "cmTryCompileExec1324050362/fast"
/usr/bin/make -f CMakeFiles/cmTryCompileExec1324050362.dir/build.make CMakeFiles/cmTryCompileExec1324050362.dir/build
make[1]: Entering directory `/usr/local/src/gist/gromacs-4.5.3_gist/build/CMakeFiles/CMakeTmp'
/usr/bin/cmake -E cmake_progress_report /usr/local/src/gist/gromacs-4.5.3_gist/build/CMakeFiles/CMakeTmp/CMakeFiles 1
Building C object CMakeFiles/cmTryCompileExec1324050362.dir/CheckFunctionExists.c.o
/usr/bin/cc   -fexcess-precision=fast -Wall -Wno-unused   -DCHECK_FUNCTION_EXISTS=memalign   -o CMakeFiles/cmTryCompileExec1324050362.dir/CheckFunctionExists.c.o   -c /usr/share/cmake-2.8/Modules/CheckFunctionExists.c
Linking C executable cmTryCompileExec1324050362
/usr/bin/cmake -E cmake_link_script CMakeFiles/cmTryCompileExec1324050362.dir/link.txt --verbose=1
/usr/bin/cc  -fexcess-precision=fast -Wall -Wno-unused   -DCHECK_FUNCTION_EXISTS=memalign    CMakeFiles/cmTryCompileExec1324050362.dir/CheckFunctionExists.c.o  -o cmTryCompileExec1324050362 -rdynamic 
make[1]: Leaving directory `/usr/local/src/gist/gromacs-4.5.3_gist/build/CMakeFiles/CMakeTmp'


Determining if the function gettimeofday exists passed with the following output:
Change Dir: /usr/local/src/gist/gromacs-4.5.3_gist/build/CMakeFiles/CMakeTmp

Run Build Command:/usr/bin/make "cmTryCompileExec2598024325/fast"
/usr/bin/make -f CMakeFiles/cmTryCompileExec2598024325.dir/build.make CMakeFiles/cmTryCompileExec2598024325.dir/build
make[1]: Entering directory `/usr/local/src/gist/gromacs-4.5.3_gist/build/CMakeFiles/CMakeTmp'
/usr/bin/cmake -E cmake_progress_report /usr/local/src/gist/gromacs-4.5.3_gist/build/CMakeFiles/CMakeTmp/CMakeFiles 1
Building C object CMakeFiles/cmTryCompileExec2598024325.dir/CheckFunctionExists.c.o
/usr/bin/cc   -fexcess-precision=fast -Wall -Wno-unused   -DCHECK_FUNCTION_EXISTS=gettimeofday   -o CMakeFiles/cmTryCompileExec2598024325.dir/CheckFunctionExists.c.o   -c /usr/share/cmake-2.8/Modules/CheckFunctionExists.c
Linking C executable cmTryCompileExec2598024325
/usr/bin/cmake -E cmake_link_script CMakeFiles/cmTryCompileExec2598024325.dir/link.txt --verbose=1
/usr/bin/cc  -fexcess-precision=fast -Wall -Wno-unused   -DCHECK_FUNCTION_EXISTS=gettimeofday    CMakeFiles/cmTryCompileExec2598024325.dir/CheckFunctionExists.c.o  -o cmTryCompileExec2598024325 -rdynamic 
make[1]: Leaving directory `/usr/local/src/gist/gromacs-4.5.3_gist/build/CMakeFiles/CMakeTmp'


Determining if the function isnan exists passed with the following output:
Change Dir: /usr/local/src/gist/gromacs-4.5.3_gist/build/CMakeFiles/CMakeTmp

Run Build Command:/usr/bin/make "cmTryCompileExec3603867994/fast"
/usr/bin/make -f CMakeFiles/cmTryCompileExec3603867994.dir/build.make CMakeFiles/cmTryCompileExec3603867994.dir/build
make[1]: Entering directory `/usr/local/src/gist/gromacs-4.5.3_gist/build/CMakeFiles/CMakeTmp'
/usr/bin/cmake -E cmake_progress_report /usr/local/src/gist/gromacs-4.5.3_gist/build/CMakeFiles/CMakeTmp/CMakeFiles 1
Building C object CMakeFiles/cmTryCompileExec3603867994.dir/CheckFunctionExists.c.o
/usr/bin/cc   -fexcess-precision=fast -Wall -Wno-unused   -DCHECK_FUNCTION_EXISTS=isnan   -o CMakeFiles/cmTryCompileExec3603867994.dir/CheckFunctionExists.c.o   -c /usr/share/cmake-2.8/Modules/CheckFunctionExists.c
<command-line>:0:23: warning: conflicting types for built-in function isnan [enabled by default]
/usr/share/cmake-2.8/Modules/CheckFunctionExists.c:3:6: note: in expansion of macro CHECK_FUNCTION_EXISTS
 char CHECK_FUNCTION_EXISTS();
      ^
Linking C executable cmTryCompileExec3603867994
/usr/bin/cmake -E cmake_link_script CMakeFiles/cmTryCompileExec3603867994.dir/link.txt --verbose=1
/usr/bin/cc  -fexcess-precision=fast -Wall -Wno-unused   -DCHECK_FUNCTION_EXISTS=isnan    CMakeFiles/cmTryCompileExec3603867994.dir/CheckFunctionExists.c.o  -o cmTryCompileExec3603867994 -rdynamic 
make[1]: Leaving directory `/usr/local/src/gist/gromacs-4.5.3_gist/build/CMakeFiles/CMakeTmp'


Determining if the function fsync exists passed with the following output:
Change Dir: /usr/local/src/gist/gromacs-4.5.3_gist/build/CMakeFiles/CMakeTmp

Run Build Command:/usr/bin/make "cmTryCompileExec1235858303/fast"
/usr/bin/make -f CMakeFiles/cmTryCompileExec1235858303.dir/build.make CMakeFiles/cmTryCompileExec1235858303.dir/build
make[1]: Entering directory `/usr/local/src/gist/gromacs-4.5.3_gist/build/CMakeFiles/CMakeTmp'
/usr/bin/cmake -E cmake_progress_report /usr/local/src/gist/gromacs-4.5.3_gist/build/CMakeFiles/CMakeTmp/CMakeFiles 1
Building C object CMakeFiles/cmTryCompileExec1235858303.dir/CheckFunctionExists.c.o
/usr/bin/cc   -fexcess-precision=fast -Wall -Wno-unused   -DCHECK_FUNCTION_EXISTS=fsync   -o CMakeFiles/cmTryCompileExec1235858303.dir/CheckFunctionExists.c.o   -c /usr/share/cmake-2.8/Modules/CheckFunctionExists.c
Linking C executable cmTryCompileExec1235858303
/usr/bin/cmake -E cmake_link_script CMakeFiles/cmTryCompileExec1235858303.dir/link.txt --verbose=1
/usr/bin/cc  -fexcess-precision=fast -Wall -Wno-unused   -DCHECK_FUNCTION_EXISTS=fsync    CMakeFiles/cmTryCompileExec1235858303.dir/CheckFunctionExists.c.o  -o cmTryCompileExec1235858303 -rdynamic 
make[1]: Leaving directory `/usr/local/src/gist/gromacs-4.5.3_gist/build/CMakeFiles/CMakeTmp'


Determining if the function fileno exists passed with the following output:
Change Dir: /usr/local/src/gist/gromacs-4.5.3_gist/build/CMakeFiles/CMakeTmp

Run Build Command:/usr/bin/make "cmTryCompileExec2823486919/fast"
/usr/bin/make -f CMakeFiles/cmTryCompileExec2823486919.dir/build.make CMakeFiles/cmTryCompileExec2823486919.dir/build
make[1]: Entering directory `/usr/local/src/gist/gromacs-4.5.3_gist/build/CMakeFiles/CMakeTmp'
/usr/bin/cmake -E cmake_progress_report /usr/local/src/gist/gromacs-4.5.3_gist/build/CMakeFiles/CMakeTmp/CMakeFiles 1
Building C object CMakeFiles/cmTryCompileExec2823486919.dir/CheckFunctionExists.c.o
/usr/bin/cc   -fexcess-precision=fast -Wall -Wno-unused   -DCHECK_FUNCTION_EXISTS=fileno   -o CMakeFiles/cmTryCompileExec2823486919.dir/CheckFunctionExists.c.o   -c /usr/share/cmake-2.8/Modules/CheckFunctionExists.c
Linking C executable cmTryCompileExec2823486919
/usr/bin/cmake -E cmake_link_script CMakeFiles/cmTryCompileExec2823486919.dir/link.txt --verbose=1
/usr/bin/cc  -fexcess-precision=fast -Wall -Wno-unused   -DCHECK_FUNCTION_EXISTS=fileno    CMakeFiles/cmTryCompileExec2823486919.dir/CheckFunctionExists.c.o  -o cmTryCompileExec2823486919 -rdynamic 
make[1]: Leaving directory `/usr/local/src/gist/gromacs-4.5.3_gist/build/CMakeFiles/CMakeTmp'


Determining if the function sqrt exists in the m passed with the following output:
Change Dir: /usr/local/src/gist/gromacs-4.5.3_gist/build/CMakeFiles/CMakeTmp

Run Build Command:/usr/bin/make "cmTryCompileExec917311789/fast"
/usr/bin/make -f CMakeFiles/cmTryCompileExec917311789.dir/build.make CMakeFiles/cmTryCompileExec917311789.dir/build
make[1]: Entering directory `/usr/local/src/gist/gromacs-4.5.3_gist/build/CMakeFiles/CMakeTmp'
/usr/bin/cmake -E cmake_progress_report /usr/local/src/gist/gromacs-4.5.3_gist/build/CMakeFiles/CMakeTmp/CMakeFiles 1
Building C object CMakeFiles/cmTryCompileExec917311789.dir/CheckFunctionExists.c.o
/usr/bin/cc   -fexcess-precision=fast -Wall -Wno-unused   -DCHECK_FUNCTION_EXISTS=sqrt   -o CMakeFiles/cmTryCompileExec917311789.dir/CheckFunctionExists.c.o   -c /usr/share/cmake-2.8/Modules/CheckFunctionExists.c
<command-line>:0:23: warning: conflicting types for built-in function sqrt [enabled by default]
/usr/share/cmake-2.8/Modules/CheckFunctionExists.c:3:6: note: in expansion of macro CHECK_FUNCTION_EXISTS
 char CHECK_FUNCTION_EXISTS();
      ^
Linking C executable cmTryCompileExec917311789
/usr/bin/cmake -E cmake_link_script CMakeFiles/cmTryCompileExec917311789.dir/link.txt --verbose=1
/usr/bin/cc  -fexcess-precision=fast -Wall -Wno-unused   -DCHECK_FUNCTION_EXISTS=sqrt    CMakeFiles/cmTryCompileExec917311789.dir/CheckFunctionExists.c.o  -o cmTryCompileExec917311789 -rdynamic -lm 
make[1]: Leaving directory `/usr/local/src/gist/gromacs-4.5.3_gist/build/CMakeFiles/CMakeTmp'


Determining if the function cbrt exists in the m passed with the following output:
Change Dir: /usr/local/src/gist/gromacs-4.5.3_gist/build/CMakeFiles/CMakeTmp

Run Build Command:/usr/bin/make "cmTryCompileExec422664769/fast"
/usr/bin/make -f CMakeFiles/cmTryCompileExec422664769.dir/build.make CMakeFiles/cmTryCompileExec422664769.dir/build
make[1]: Entering directory `/usr/local/src/gist/gromacs-4.5.3_gist/build/CMakeFiles/CMakeTmp'
/usr/bin/cmake -E cmake_progress_report /usr/local/src/gist/gromacs-4.5.3_gist/build/CMakeFiles/CMakeTmp/CMakeFiles 1
Building C object CMakeFiles/cmTryCompileExec422664769.dir/CheckFunctionExists.c.o
/usr/bin/cc   -fexcess-precision=fast -Wall -Wno-unused   -DCHECK_FUNCTION_EXISTS=cbrt   -o CMakeFiles/cmTryCompileExec422664769.dir/CheckFunctionExists.c.o   -c /usr/share/cmake-2.8/Modules/CheckFunctionExists.c
<command-line>:0:23: warning: conflicting types for built-in function cbrt [enabled by default]
/usr/share/cmake-2.8/Modules/CheckFunctionExists.c:3:6: note: in expansion of macro CHECK_FUNCTION_EXISTS
 char CHECK_FUNCTION_EXISTS();
      ^
Linking C executable cmTryCompileExec422664769
/usr/bin/cmake -E cmake_link_script CMakeFiles/cmTryCompileExec422664769.dir/link.txt --verbose=1
/usr/bin/cc  -fexcess-precision=fast -Wall -Wno-unused   -DCHECK_FUNCTION_EXISTS=cbrt    CMakeFiles/cmTryCompileExec422664769.dir/CheckFunctionExists.c.o  -o cmTryCompileExec422664769 -rdynamic -lm 
make[1]: Leaving directory `/usr/local/src/gist/gromacs-4.5.3_gist/build/CMakeFiles/CMakeTmp'


Determining if the include file stddef.h exists passed with the following output:
Change Dir: /usr/local/src/gist/gromacs-4.5.3_gist/build/CMakeFiles/CMakeTmp

Run Build Command:/usr/bin/make "cmTryCompileExec2337235478/fast"
/usr/bin/make -f CMakeFiles/cmTryCompileExec2337235478.dir/build.make CMakeFiles/cmTryCompileExec2337235478.dir/build
make[1]: Entering directory `/usr/local/src/gist/gromacs-4.5.3_gist/build/CMakeFiles/CMakeTmp'
/usr/bin/cmake -E cmake_progress_report /usr/local/src/gist/gromacs-4.5.3_gist/build/CMakeFiles/CMakeTmp/CMakeFiles 1
Building C object CMakeFiles/cmTryCompileExec2337235478.dir/CheckIncludeFile.c.o
/usr/bin/cc   -fexcess-precision=fast -Wall -Wno-unused      -o CMakeFiles/cmTryCompileExec2337235478.dir/CheckIncludeFile.c.o   -c /usr/local/src/gist/gromacs-4.5.3_gist/build/CMakeFiles/CMakeTmp/CheckIncludeFile.c
Linking C executable cmTryCompileExec2337235478
/usr/bin/cmake -E cmake_link_script CMakeFiles/cmTryCompileExec2337235478.dir/link.txt --verbose=1
/usr/bin/cc  -fexcess-precision=fast -Wall -Wno-unused       CMakeFiles/cmTryCompileExec2337235478.dir/CheckIncludeFile.c.o  -o cmTryCompileExec2337235478 -rdynamic 
make[1]: Leaving directory `/usr/local/src/gist/gromacs-4.5.3_gist/build/CMakeFiles/CMakeTmp'


Determining size of int passed with the following output:
Change Dir: /usr/local/src/gist/gromacs-4.5.3_gist/build/CMakeFiles/CMakeTmp

Run Build Command:/usr/bin/make "cmTryCompileExec3795947299/fast"
/usr/bin/make -f CMakeFiles/cmTryCompileExec3795947299.dir/build.make CMakeFiles/cmTryCompileExec3795947299.dir/build
make[1]: Entering directory `/usr/local/src/gist/gromacs-4.5.3_gist/build/CMakeFiles/CMakeTmp'
/usr/bin/cmake -E cmake_progress_report /usr/local/src/gist/gromacs-4.5.3_gist/build/CMakeFiles/CMakeTmp/CMakeFiles 1
Building C object CMakeFiles/cmTryCompileExec3795947299.dir/SIZEOF_INT.c.o
/usr/bin/cc   -fexcess-precision=fast -Wall -Wno-unused      -o CMakeFiles/cmTryCompileExec3795947299.dir/SIZEOF_INT.c.o   -c /usr/local/src/gist/gromacs-4.5.3_gist/build/CMakeFiles/CheckTypeSize/SIZEOF_INT.c
Linking C executable cmTryCompileExec3795947299
/usr/bin/cmake -E cmake_link_script CMakeFiles/cmTryCompileExec3795947299.dir/link.txt --verbose=1
/usr/bin/cc  -fexcess-precision=fast -Wall -Wno-unused       CMakeFiles/cmTryCompileExec3795947299.dir/SIZEOF_INT.c.o  -o cmTryCompileExec3795947299 -rdynamic 
make[1]: Leaving directory `/usr/local/src/gist/gromacs-4.5.3_gist/build/CMakeFiles/CMakeTmp'


Determining size of long int passed with the following output:
Change Dir: /usr/local/src/gist/gromacs-4.5.3_gist/build/CMakeFiles/CMakeTmp

Run Build Command:/usr/bin/make "cmTryCompileExec1970269515/fast"
/usr/bin/make -f CMakeFiles/cmTryCompileExec1970269515.dir/build.make CMakeFiles/cmTryCompileExec1970269515.dir/build
make[1]: Entering directory `/usr/local/src/gist/gromacs-4.5.3_gist/build/CMakeFiles/CMakeTmp'
/usr/bin/cmake -E cmake_progress_report /usr/local/src/gist/gromacs-4.5.3_gist/build/CMakeFiles/CMakeTmp/CMakeFiles 1
Building C object CMakeFiles/cmTryCompileExec1970269515.dir/SIZEOF_LONG_INT.c.o
/usr/bin/cc   -fexcess-precision=fast -Wall -Wno-unused      -o CMakeFiles/cmTryCompileExec1970269515.dir/SIZEOF_LONG_INT.c.o   -c /usr/local/src/gist/gromacs-4.5.3_gist/build/CMakeFiles/CheckTypeSize/SIZEOF_LONG_INT.c
Linking C executable cmTryCompileExec1970269515
/usr/bin/cmake -E cmake_link_script CMakeFiles/cmTryCompileExec1970269515.dir/link.txt --verbose=1
/usr/bin/cc  -fexcess-precision=fast -Wall -Wno-unused       CMakeFiles/cmTryCompileExec1970269515.dir/SIZEOF_LONG_INT.c.o  -o cmTryCompileExec1970269515 -rdynamic 
make[1]: Leaving directory `/usr/local/src/gist/gromacs-4.5.3_gist/build/CMakeFiles/CMakeTmp'


Determining size of long long int passed with the following output:
Change Dir: /usr/local/src/gist/gromacs-4.5.3_gist/build/CMakeFiles/CMakeTmp

Run Build Command:/usr/bin/make "cmTryCompileExec2529488277/fast"
/usr/bin/make -f CMakeFiles/cmTryCompileExec2529488277.dir/build.make CMakeFiles/cmTryCompileExec2529488277.dir/build
make[1]: Entering directory `/usr/local/src/gist/gromacs-4.5.3_gist/build/CMakeFiles/CMakeTmp'
/usr/bin/cmake -E cmake_progress_report /usr/local/src/gist/gromacs-4.5.3_gist/build/CMakeFiles/CMakeTmp/CMakeFiles 1
Building C object CMakeFiles/cmTryCompileExec2529488277.dir/SIZEOF_LONG_LONG_INT.c.o
/usr/bin/cc   -fexcess-precision=fast -Wall -Wno-unused      -o CMakeFiles/cmTryCompileExec2529488277.dir/SIZEOF_LONG_LONG_INT.c.o   -c /usr/local/src/gist/gromacs-4.5.3_gist/build/CMakeFiles/CheckTypeSize/SIZEOF_LONG_LONG_INT.c
Linking C executable cmTryCompileExec2529488277
/usr/bin/cmake -E cmake_link_script CMakeFiles/cmTryCompileExec2529488277.dir/link.txt --verbose=1
/usr/bin/cc  -fexcess-precision=fast -Wall -Wno-unused       CMakeFiles/cmTryCompileExec2529488277.dir/SIZEOF_LONG_LONG_INT.c.o  -o cmTryCompileExec2529488277 -rdynamic 
make[1]: Leaving directory `/usr/local/src/gist/gromacs-4.5.3_gist/build/CMakeFiles/CMakeTmp'


Determining size of off_t passed with the following output:
Change Dir: /usr/local/src/gist/gromacs-4.5.3_gist/build/CMakeFiles/CMakeTmp

Run Build Command:/usr/bin/make "cmTryCompileExec2388635240/fast"
/usr/bin/make -f CMakeFiles/cmTryCompileExec2388635240.dir/build.make CMakeFiles/cmTryCompileExec2388635240.dir/build
make[1]: Entering directory `/usr/local/src/gist/gromacs-4.5.3_gist/build/CMakeFiles/CMakeTmp'
/usr/bin/cmake -E cmake_progress_report /usr/local/src/gist/gromacs-4.5.3_gist/build/CMakeFiles/CMakeTmp/CMakeFiles 1
Building C object CMakeFiles/cmTryCompileExec2388635240.dir/SIZEOF_OFF_T.c.o
/usr/bin/cc   -fexcess-precision=fast -Wall -Wno-unused      -o CMakeFiles/cmTryCompileExec2388635240.dir/SIZEOF_OFF_T.c.o   -c /usr/local/src/gist/gromacs-4.5.3_gist/build/CMakeFiles/CheckTypeSize/SIZEOF_OFF_T.c
Linking C executable cmTryCompileExec2388635240
/usr/bin/cmake -E cmake_link_script CMakeFiles/cmTryCompileExec2388635240.dir/link.txt --verbose=1
/usr/bin/cc  -fexcess-precision=fast -Wall -Wno-unused       CMakeFiles/cmTryCompileExec2388635240.dir/SIZEOF_OFF_T.c.o  -o cmTryCompileExec2388635240 -rdynamic 
make[1]: Leaving directory `/usr/local/src/gist/gromacs-4.5.3_gist/build/CMakeFiles/CMakeTmp'


Determining size of void * passed with the following output:
Change Dir: /usr/local/src/gist/gromacs-4.5.3_gist/build/CMakeFiles/CMakeTmp

Run Build Command:/usr/bin/make "cmTryCompileExec804874061/fast"
/usr/bin/make -f CMakeFiles/cmTryCompileExec804874061.dir/build.make CMakeFiles/cmTryCompileExec804874061.dir/build
make[1]: Entering directory `/usr/local/src/gist/gromacs-4.5.3_gist/build/CMakeFiles/CMakeTmp'
/usr/bin/cmake -E cmake_progress_report /usr/local/src/gist/gromacs-4.5.3_gist/build/CMakeFiles/CMakeTmp/CMakeFiles 1
Building C object CMakeFiles/cmTryCompileExec804874061.dir/SIZEOF_VOIDP.c.o
/usr/bin/cc   -fexcess-precision=fast -Wall -Wno-unused      -o CMakeFiles/cmTryCompileExec804874061.dir/SIZEOF_VOIDP.c.o   -c /usr/local/src/gist/gromacs-4.5.3_gist/build/CMakeFiles/CheckTypeSize/SIZEOF_VOIDP.c
Linking C executable cmTryCompileExec804874061
/usr/bin/cmake -E cmake_link_script CMakeFiles/cmTryCompileExec804874061.dir/link.txt --verbose=1
/usr/bin/cc  -fexcess-precision=fast -Wall -Wno-unused       CMakeFiles/cmTryCompileExec804874061.dir/SIZEOF_VOIDP.c.o  -o cmTryCompileExec804874061 -rdynamic 
make[1]: Leaving directory `/usr/local/src/gist/gromacs-4.5.3_gist/build/CMakeFiles/CMakeTmp'


Determining size of uid_t passed with the following output:
Change Dir: /usr/local/src/gist/gromacs-4.5.3_gist/build/CMakeFiles/CMakeTmp

Run Build Command:/usr/bin/make "cmTryCompileExec143680200/fast"
/usr/bin/make -f CMakeFiles/cmTryCompileExec143680200.dir/build.make CMakeFiles/cmTryCompileExec143680200.dir/build
make[1]: Entering directory `/usr/local/src/gist/gromacs-4.5.3_gist/build/CMakeFiles/CMakeTmp'
/usr/bin/cmake -E cmake_progress_report /usr/local/src/gist/gromacs-4.5.3_gist/build/CMakeFiles/CMakeTmp/CMakeFiles 1
Building C object CMakeFiles/cmTryCompileExec143680200.dir/uid_t.c.o
/usr/bin/cc   -fexcess-precision=fast -Wall -Wno-unused      -o CMakeFiles/cmTryCompileExec143680200.dir/uid_t.c.o   -c /usr/local/src/gist/gromacs-4.5.3_gist/build/CMakeFiles/CheckTypeSize/uid_t.c
Linking C executable cmTryCompileExec143680200
/usr/bin/cmake -E cmake_link_script CMakeFiles/cmTryCompileExec143680200.dir/link.txt --verbose=1
/usr/bin/cc  -fexcess-precision=fast -Wall -Wno-unused       CMakeFiles/cmTryCompileExec143680200.dir/uid_t.c.o  -o cmTryCompileExec143680200 -rdynamic 
make[1]: Leaving directory `/usr/local/src/gist/gromacs-4.5.3_gist/build/CMakeFiles/CMakeTmp'


Determining size of gid_t passed with the following output:
Change Dir: /usr/local/src/gist/gromacs-4.5.3_gist/build/CMakeFiles/CMakeTmp

Run Build Command:/usr/bin/make "cmTryCompileExec1358237558/fast"
/usr/bin/make -f CMakeFiles/cmTryCompileExec1358237558.dir/build.make CMakeFiles/cmTryCompileExec1358237558.dir/build
make[1]: Entering directory `/usr/local/src/gist/gromacs-4.5.3_gist/build/CMakeFiles/CMakeTmp'
/usr/bin/cmake -E cmake_progress_report /usr/local/src/gist/gromacs-4.5.3_gist/build/CMakeFiles/CMakeTmp/CMakeFiles 1
Building C object CMakeFiles/cmTryCompileExec1358237558.dir/gid_t.c.o
/usr/bin/cc   -fexcess-precision=fast -Wall -Wno-unused      -o CMakeFiles/cmTryCompileExec1358237558.dir/gid_t.c.o   -c /usr/local/src/gist/gromacs-4.5.3_gist/build/CMakeFiles/CheckTypeSize/gid_t.c
Linking C executable cmTryCompileExec1358237558
/usr/bin/cmake -E cmake_link_script CMakeFiles/cmTryCompileExec1358237558.dir/link.txt --verbose=1
/usr/bin/cc  -fexcess-precision=fast -Wall -Wno-unused       CMakeFiles/cmTryCompileExec1358237558.dir/gid_t.c.o  -o cmTryCompileExec1358237558 -rdynamic 
make[1]: Leaving directory `/usr/local/src/gist/gromacs-4.5.3_gist/build/CMakeFiles/CMakeTmp'


Determining size of size_t passed with the following output:
Change Dir: /usr/local/src/gist/gromacs-4.5.3_gist/build/CMakeFiles/CMakeTmp

Run Build Command:/usr/bin/make "cmTryCompileExec2765748912/fast"
/usr/bin/make -f CMakeFiles/cmTryCompileExec2765748912.dir/build.make CMakeFiles/cmTryCompileExec2765748912.dir/build
make[1]: Entering directory `/usr/local/src/gist/gromacs-4.5.3_gist/build/CMakeFiles/CMakeTmp'
/usr/bin/cmake -E cmake_progress_report /usr/local/src/gist/gromacs-4.5.3_gist/build/CMakeFiles/CMakeTmp/CMakeFiles 1
Building C object CMakeFiles/cmTryCompileExec2765748912.dir/size_t.c.o
/usr/bin/cc   -fexcess-precision=fast -Wall -Wno-unused      -o CMakeFiles/cmTryCompileExec2765748912.dir/size_t.c.o   -c /usr/local/src/gist/gromacs-4.5.3_gist/build/CMakeFiles/CheckTypeSize/size_t.c
Linking C executable cmTryCompileExec2765748912
/usr/bin/cmake -E cmake_link_script CMakeFiles/cmTryCompileExec2765748912.dir/link.txt --verbose=1
/usr/bin/cc  -fexcess-precision=fast -Wall -Wno-unused       CMakeFiles/cmTryCompileExec2765748912.dir/size_t.c.o  -o cmTryCompileExec2765748912 -rdynamic 
make[1]: Leaving directory `/usr/local/src/gist/gromacs-4.5.3_gist/build/CMakeFiles/CMakeTmp'


Determining size of off_t passed with the following output:
Change Dir: /usr/local/src/gist/gromacs-4.5.3_gist/build/CMakeFiles/CMakeTmp

Run Build Command:/usr/bin/make "cmTryCompileExec2142506291/fast"
/usr/bin/make -f CMakeFiles/cmTryCompileExec2142506291.dir/build.make CMakeFiles/cmTryCompileExec2142506291.dir/build
make[1]: Entering directory `/usr/local/src/gist/gromacs-4.5.3_gist/build/CMakeFiles/CMakeTmp'
/usr/bin/cmake -E cmake_progress_report /usr/local/src/gist/gromacs-4.5.3_gist/build/CMakeFiles/CMakeTmp/CMakeFiles 1
Building C object CMakeFiles/cmTryCompileExec2142506291.dir/off_t.c.o
/usr/bin/cc   -fexcess-precision=fast -Wall -Wno-unused      -o CMakeFiles/cmTryCompileExec2142506291.dir/off_t.c.o   -c /usr/local/src/gist/gromacs-4.5.3_gist/build/CMakeFiles/CheckTypeSize/off_t.c
Linking C executable cmTryCompileExec2142506291
/usr/bin/cmake -E cmake_link_script CMakeFiles/cmTryCompileExec2142506291.dir/link.txt --verbose=1
/usr/bin/cc  -fexcess-precision=fast -Wall -Wno-unused       CMakeFiles/cmTryCompileExec2142506291.dir/off_t.c.o  -o cmTryCompileExec2142506291 -rdynamic 
make[1]: Leaving directory `/usr/local/src/gist/gromacs-4.5.3_gist/build/CMakeFiles/CMakeTmp'


Determining size of unsigned short passed with the following output:
Change Dir: /usr/local/src/gist/gromacs-4.5.3_gist/build/CMakeFiles/CMakeTmp

Run Build Command:/usr/bin/make "cmTryCompileExec2562704589/fast"
/usr/bin/make -f CMakeFiles/cmTryCompileExec2562704589.dir/build.make CMakeFiles/cmTryCompileExec2562704589.dir/build
make[1]: Entering directory `/usr/local/src/gist/gromacs-4.5.3_gist/build/CMakeFiles/CMakeTmp'
/usr/bin/cmake -E cmake_progress_report /usr/local/src/gist/gromacs-4.5.3_gist/build/CMakeFiles/CMakeTmp/CMakeFiles 1
Building C object CMakeFiles/cmTryCompileExec2562704589.dir/CMAKE_SIZEOF_UNSIGNED_SHORT.c.o
/usr/bin/cc   -fexcess-precision=fast -Wall -Wno-unused      -o CMakeFiles/cmTryCompileExec2562704589.dir/CMAKE_SIZEOF_UNSIGNED_SHORT.c.o   -c /usr/local/src/gist/gromacs-4.5.3_gist/build/CMakeFiles/CheckTypeSize/CMAKE_SIZEOF_UNSIGNED_SHORT.c
Linking C executable cmTryCompileExec2562704589
/usr/bin/cmake -E cmake_link_script CMakeFiles/cmTryCompileExec2562704589.dir/link.txt --verbose=1
/usr/bin/cc  -fexcess-precision=fast -Wall -Wno-unused       CMakeFiles/cmTryCompileExec2562704589.dir/CMAKE_SIZEOF_UNSIGNED_SHORT.c.o  -o cmTryCompileExec2562704589 -rdynamic 
make[1]: Leaving directory `/usr/local/src/gist/gromacs-4.5.3_gist/build/CMakeFiles/CMakeTmp'


Determining if files pthread.h exist passed with the following output:
Change Dir: /usr/local/src/gist/gromacs-4.5.3_gist/build/CMakeFiles/CMakeTmp

Run Build Command:/usr/bin/make "cmTryCompileExec2662898782/fast"
/usr/bin/make -f CMakeFiles/cmTryCompileExec2662898782.dir/build.make CMakeFiles/cmTryCompileExec2662898782.dir/build
make[1]: Entering directory `/usr/local/src/gist/gromacs-4.5.3_gist/build/CMakeFiles/CMakeTmp'
/usr/bin/cmake -E cmake_progress_report /usr/local/src/gist/gromacs-4.5.3_gist/build/CMakeFiles/CMakeTmp/CMakeFiles 1
Building C object CMakeFiles/cmTryCompileExec2662898782.dir/CheckIncludeFiles.c.o
/usr/bin/cc   -fexcess-precision=fast -Wall -Wno-unused      -o CMakeFiles/cmTryCompileExec2662898782.dir/CheckIncludeFiles.c.o   -c /usr/local/src/gist/gromacs-4.5.3_gist/build/CMakeFiles/CMakeTmp/CheckIncludeFiles.c
Linking C executable cmTryCompileExec2662898782
/usr/bin/cmake -E cmake_link_script CMakeFiles/cmTryCompileExec2662898782.dir/link.txt --verbose=1
/usr/bin/cc  -fexcess-precision=fast -Wall -Wno-unused       CMakeFiles/cmTryCompileExec2662898782.dir/CheckIncludeFiles.c.o  -o cmTryCompileExec2662898782 -rdynamic 
make[1]: Leaving directory `/usr/local/src/gist/gromacs-4.5.3_gist/build/CMakeFiles/CMakeTmp'


Determining if the function pthread_create exists in the pthread passed with the following output:
Change Dir: /usr/local/src/gist/gromacs-4.5.3_gist/build/CMakeFiles/CMakeTmp

Run Build Command:/usr/bin/make "cmTryCompileExec3998406073/fast"
/usr/bin/make -f CMakeFiles/cmTryCompileExec3998406073.dir/build.make CMakeFiles/cmTryCompileExec3998406073.dir/build
make[1]: Entering directory `/usr/local/src/gist/gromacs-4.5.3_gist/build/CMakeFiles/CMakeTmp'
/usr/bin/cmake -E cmake_progress_report /usr/local/src/gist/gromacs-4.5.3_gist/build/CMakeFiles/CMakeTmp/CMakeFiles 1
Building C object CMakeFiles/cmTryCompileExec3998406073.dir/CheckFunctionExists.c.o
/usr/bin/cc   -fexcess-precision=fast -Wall -Wno-unused   -DCHECK_FUNCTION_EXISTS=pthread_create   -o CMakeFiles/cmTryCompileExec3998406073.dir/CheckFunctionExists.c.o   -c /usr/share/cmake-2.8/Modules/CheckFunctionExists.c
Linking C executable cmTryCompileExec3998406073
/usr/bin/cmake -E cmake_link_script CMakeFiles/cmTryCompileExec3998406073.dir/link.txt --verbose=1
/usr/bin/cc  -fexcess-precision=fast -Wall -Wno-unused   -DCHECK_FUNCTION_EXISTS=pthread_create    CMakeFiles/cmTryCompileExec3998406073.dir/CheckFunctionExists.c.o  -o cmTryCompileExec3998406073 -rdynamic -lpthread 
make[1]: Leaving directory `/usr/local/src/gist/gromacs-4.5.3_gist/build/CMakeFiles/CMakeTmp'


Determining if files sched.h exist passed with the following output:
Change Dir: /usr/local/src/gist/gromacs-4.5.3_gist/build/CMakeFiles/CMakeTmp

Run Build Command:/usr/bin/make "cmTryCompileExec1135545717/fast"
/usr/bin/make -f CMakeFiles/cmTryCompileExec1135545717.dir/build.make CMakeFiles/cmTryCompileExec1135545717.dir/build
make[1]: Entering directory `/usr/local/src/gist/gromacs-4.5.3_gist/build/CMakeFiles/CMakeTmp'
/usr/bin/cmake -E cmake_progress_report /usr/local/src/gist/gromacs-4.5.3_gist/build/CMakeFiles/CMakeTmp/CMakeFiles 1
Building C object CMakeFiles/cmTryCompileExec1135545717.dir/CheckIncludeFiles.c.o
/usr/bin/cc   -fexcess-precision=fast -Wall -Wno-unused      -o CMakeFiles/cmTryCompileExec1135545717.dir/CheckIncludeFiles.c.o   -c /usr/local/src/gist/gromacs-4.5.3_gist/build/CMakeFiles/CMakeTmp/CheckIncludeFiles.c
Linking C executable cmTryCompileExec1135545717
/usr/bin/cmake -E cmake_link_script CMakeFiles/cmTryCompileExec1135545717.dir/link.txt --verbose=1
/usr/bin/cc  -fexcess-precision=fast -Wall -Wno-unused       CMakeFiles/cmTryCompileExec1135545717.dir/CheckIncludeFiles.c.o  -o cmTryCompileExec1135545717 -rdynamic 
make[1]: Leaving directory `/usr/local/src/gist/gromacs-4.5.3_gist/build/CMakeFiles/CMakeTmp'


Determining if the function sysconf exists passed with the following output:
Change Dir: /usr/local/src/gist/gromacs-4.5.3_gist/build/CMakeFiles/CMakeTmp

Run Build Command:/usr/bin/make "cmTryCompileExec3354258172/fast"
/usr/bin/make -f CMakeFiles/cmTryCompileExec3354258172.dir/build.make CMakeFiles/cmTryCompileExec3354258172.dir/build
make[1]: Entering directory `/usr/local/src/gist/gromacs-4.5.3_gist/build/CMakeFiles/CMakeTmp'
/usr/bin/cmake -E cmake_progress_report /usr/local/src/gist/gromacs-4.5.3_gist/build/CMakeFiles/CMakeTmp/CMakeFiles 1
Building C object CMakeFiles/cmTryCompileExec3354258172.dir/CheckFunctionExists.c.o
/usr/bin/cc   -fexcess-precision=fast -Wall -Wno-unused   -DCHECK_FUNCTION_EXISTS=sysconf   -o CMakeFiles/cmTryCompileExec3354258172.dir/CheckFunctionExists.c.o   -c /usr/share/cmake-2.8/Modules/CheckFunctionExists.c
Linking C executable cmTryCompileExec3354258172
/usr/bin/cmake -E cmake_link_script CMakeFiles/cmTryCompileExec3354258172.dir/link.txt --verbose=1
/usr/bin/cc  -fexcess-precision=fast -Wall -Wno-unused   -DCHECK_FUNCTION_EXISTS=sysconf    CMakeFiles/cmTryCompileExec3354258172.dir/CheckFunctionExists.c.o  -o cmTryCompileExec3354258172 -rdynamic 
make[1]: Leaving directory `/usr/local/src/gist/gromacs-4.5.3_gist/build/CMakeFiles/CMakeTmp'


Checking whether the ASM-ATT compiler is GNU using "--version" matched "(GNU assembler)|(GCC)|(Free Software Foundation)":
GNU assembler (GNU Binutils for Ubuntu) 2.24
Copyright 2013 Free Software Foundation, Inc.
This program is free software; you may redistribute it under the terms of
the GNU General Public License version 3 or later.
This program has absolutely no warranty.
This assembler was configured for a target of `x86_64-linux-gnu'.
